#
# A fatal error has been detected by the Java Runtime Environment:
#
#  EXCEPTION_STACK_OVERFLOW (0xc00000fd) at pc=0x0000000050e13ed7, pid=23080, tid=0x000000000000c3c4
#
# JRE version: Java(TM) SE Runtime Environment (8.0_141-b15) (build 1.8.0_141-b15)
# Java VM: Java HotSpot(TM) 64-Bit Server VM (25.141-b15 mixed mode windows-amd64 compressed oops)
# Problematic frame:
# V  [jvm.dll+0x213ed7]
#
# Failed to write core dump. Minidumps are not enabled by default on client versions of Windows
#
# If you would like to submit a bug report, please visit:
#   http://bugreport.java.com/bugreport/crash.jsp
#

---------------  T H R E A D  ---------------

Current thread (0x0000000022500800):  JavaThread "pool-3088-thread-12" [_thread_in_vm, id=50116, stack(0x000000002dc60000,0x000000002dd60000)]

siginfo: ExceptionCode=0xc00000fd, ExceptionInformation=0x0000000000000001 0x000000002dd5a070 

Registers:
RAX=0x000000002dd5a070, RBX=0x0000000000000006, RCX=0x0000000000005000, RDX=0x0000000000000006
RSP=0x000000002dd5f070, RBP=0x0000000000000000, RSI=0x000000002dd5f070, RDI=0x0000000000000006
R8 =0x0000000000000006, R9 =0x000000002014e370, R10=0x000000001c23b8e0, R11=0x000000002dc6a148
R12=0x000000002014e370, R13=0x0000000022500800, R14=0x000000002dd5f138, R15=0x000000001c23b8e0
RIP=0x0000000050e13ed7, EFLAGS=0x0000000000010202

Top of Stack: (sp=0x000000002dd5f070)
0x000000002dd5f070:   00002c90a1bc489c 0000000050104e7e
0x000000002dd5f080:   0000000022500800 000000002014e370
0x000000002dd5f090:   00000000ffffffff 0000000050e14e07
0x000000002dd5f0a0:   000000002dd5f1a0 000000001c23b8e0
0x000000002dd5f0b0:   0000000022500800 0000000050cc0a63
0x000000002dd5f0c0:   000000002dd5f100 0000000022500800
0x000000002dd5f0d0:   000000002dd5f190 0000000022500800
0x000000002dd5f0e0:   000000001c23b8e0 0000000022500800
0x000000002dd5f0f0:   00000000030b6e60 0000000022500800
0x000000002dd5f100:   000000001c23b8e0 0000000022500800
0x000000002dd5f110:   000000001c23b8e0 0000000022500800
0x000000002dd5f120:   0000000000000001 000000001c23b8e0
0x000000002dd5f130:   0000000022500800 000000001e32ed40
0x000000002dd5f140:   0000000022500800 0000000050cc210d
0x000000002dd5f150:   000000002dd5f458 00000007c00069a0
0x000000002dd5f160:   00000007c00069a0 00007ffaf3c82e1a 

Instructions: (pc=0x0000000050e13ed7)
0x0000000050e13eb7:   48 89 6c 24 30 33 ed 66 90 e8 8b 3b 08 00 ff c3
0x0000000050e13ec7:   48 63 c8 48 8b c6 48 0f af cf 48 ff c7 48 2b c1
0x0000000050e13ed7:   89 28 48 63 c3 48 3b 05 f5 37 59 00 7e db 48 8b
0x0000000050e13ee7:   6c 24 30 48 8b 5c 24 38 48 8b 74 24 40 48 83 c4 


Register to memory mapping:

RAX=0x000000002dd5a070 is pointing into the stack for thread: 0x0000000022500800
RBX=0x0000000000000006 is an unknown value
RCX=0x0000000000005000 is an unknown value
RDX=0x0000000000000006 is an unknown value
RSP=0x000000002dd5f070 is pointing into the stack for thread: 0x0000000022500800
RBP=0x0000000000000000 is an unknown value
RSI=0x000000002dd5f070 is pointing into the stack for thread: 0x0000000022500800
RDI=0x0000000000000006 is an unknown value
R8 =0x0000000000000006 is an unknown value
R9 =0x000000002014e370 is an unknown value
R10={method} {0x000000001c23b8e8} 'run' '()V' in 'java/lang/Thread'
R11=0x000000002dc6a148 is pointing into the stack for thread: 0x0000000022500800
R12=0x000000002014e370 is an unknown value
R13=0x0000000022500800 is a thread
R14=0x000000002dd5f138 is pointing into the stack for thread: 0x0000000022500800
R15={method} {0x000000001c23b8e8} 'run' '()V' in 'java/lang/Thread'


Stack: [0x000000002dc60000,0x000000002dd60000],  sp=0x000000002dd5f070,  free space=1020k
Native frames: (J=compiled Java code, j=interpreted, Vv=VM code, C=native code)


---------------  P R O C E S S  ---------------

Java Threads: ( => current thread )
=>0x0000000022500800 JavaThread "pool-3088-thread-12" [_thread_in_vm, id=50116, stack(0x000000002dc60000,0x000000002dd60000)]
  0x0000000022b3e800 JavaThread "pool-3088-thread-8" [_thread_blocked, id=69700, stack(0x000000002d860000,0x000000002d960000)]
  0x000000001e340800 JavaThread "pool-2994-thread-1" [_thread_blocked, id=23872, stack(0x0000000021270000,0x0000000021370000)]
  0x000000001e33f000 JavaThread "Timer-22" [_thread_blocked, id=30328, stack(0x0000000020fb0000,0x00000000210b0000)]
  0x000000001e340000 JavaThread "zSelector" [_thread_blocked, id=22304, stack(0x0000000021170000,0x0000000021270000)]
  0x000000002238a800 JavaThread "zSelector" [_thread_blocked, id=7860, stack(0x0000000020c30000,0x0000000020d30000)]
  0x00000000225ad000 JavaThread "TimerQueue" daemon [_thread_blocked, id=78756, stack(0x000000002ac30000,0x000000002ad30000)]
  0x00000000202d5000 JavaThread "Swing-Shell" daemon [_thread_blocked, id=23772, stack(0x0000000029fc0000,0x000000002a0c0000)]
  0x0000000020137000 JavaThread "AWT-EventQueue-0" [_thread_in_native, id=67828, stack(0x0000000021bd0000,0x0000000021cd0000)]
  0x000000002005b000 JavaThread "AWT-Windows" daemon [_thread_in_native, id=22240, stack(0x0000000020a20000,0x0000000020b20000)]
  0x000000002005a800 JavaThread "AWT-Shutdown" [_thread_blocked, id=55576, stack(0x0000000020920000,0x0000000020a20000)]
  0x000000001e65e000 JavaThread "Java2D Disposer" daemon [_thread_blocked, id=47940, stack(0x0000000020740000,0x0000000020840000)]
  0x000000001e3cb000 JavaThread "Service Thread" daemon [_thread_blocked, id=76780, stack(0x000000001fc90000,0x000000001fd90000)]
  0x000000001e33e800 JavaThread "C1 CompilerThread3" daemon [_thread_blocked, id=74976, stack(0x000000001fb90000,0x000000001fc90000)]
  0x000000001e33d800 JavaThread "C2 CompilerThread2" daemon [_thread_in_native, id=34544, stack(0x000000001fa90000,0x000000001fb90000)]
  0x000000001e336000 JavaThread "C2 CompilerThread1" daemon [_thread_blocked, id=64120, stack(0x000000001f990000,0x000000001fa90000)]
  0x000000001e32e000 JavaThread "C2 CompilerThread0" daemon [_thread_blocked, id=71068, stack(0x000000001f890000,0x000000001f990000)]
  0x000000001e329000 JavaThread "Attach Listener" daemon [_thread_blocked, id=65800, stack(0x000000001f790000,0x000000001f890000)]
  0x000000001e328800 JavaThread "Signal Dispatcher" daemon [_thread_blocked, id=71496, stack(0x000000001f690000,0x000000001f790000)]
  0x000000001cc03800 JavaThread "Finalizer" daemon [_thread_blocked, id=49356, stack(0x000000001f530000,0x000000001f630000)]
  0x000000001cbfc800 JavaThread "Reference Handler" daemon [_thread_blocked, id=29920, stack(0x000000001f430000,0x000000001f530000)]
  0x0000000002f71000 JavaThread "main" [_thread_blocked, id=46448, stack(0x0000000002e70000,0x0000000002f70000)]

Other Threads:
  0x000000001cbf6800 VMThread [stack: 0x000000001f330000,0x000000001f430000] [id=76088]
  0x000000001e436000 WatcherThread [stack: 0x000000001fd90000,0x000000001fe90000] [id=172]

VM state:not at safepoint (normal execution)

VM Mutex/Monitor currently owned by a thread: None

Heap:
 PSYoungGen      total 541184K, used 185499K [0x000000076b900000, 0x000000078df00000, 0x00000007c0000000)
  eden space 520192K, 35% used [0x000000076b900000,0x0000000776e26e78,0x000000078b500000)
  from space 20992K, 0% used [0x000000078ca80000,0x000000078ca80000,0x000000078df00000)
  to   space 21504K, 0% used [0x000000078b500000,0x000000078b500000,0x000000078ca00000)
 ParOldGen       total 173568K, used 173382K [0x00000006c2a00000, 0x00000006cd380000, 0x000000076b900000)
  object space 173568K, 99% used [0x00000006c2a00000,0x00000006cd351ae0,0x00000006cd380000)
 Metaspace       used 18550K, capacity 18828K, committed 19072K, reserved 1067008K
  class space    used 2269K, capacity 2343K, committed 2432K, reserved 1048576K

Card table byte_map: [0x0000000012430000,0x0000000012c20000] byte_map_base: 0x000000000ee1b000

Marking Bits: (ParMarkBitMap*) 0x000000005141d850
 Begin Bits: [0x0000000013b70000, 0x0000000017ac8000)
 End Bits:   [0x0000000017ac8000, 0x000000001ba20000)

Polling page: 0x00000000009d0000

CodeCache: size=245760Kb used=8838Kb max_used=8844Kb free=236921Kb
 bounds [0x0000000003070000, 0x0000000003930000, 0x0000000012070000]
 total_blobs=3087 nmethods=2541 adapters=457
 compilation: enabled

Compilation events (10 events):
Event: 21.682 Thread 0x000000001e33e800 2861       1       sun.misc.FloatingDecimal$BinaryToASCIIBuffer::digitsRoundedUp (5 bytes)
Event: 21.682 Thread 0x000000001e33e800 nmethod 2861 0x00000000038e7450 code [0x00000000038e75a0, 0x00000000038e76b0]
Event: 21.682 Thread 0x000000001e33e800 2862       1       sun.misc.FloatingDecimal$BinaryToASCIIBuffer::decimalDigitsExact (5 bytes)
Event: 21.682 Thread 0x000000001e33e800 nmethod 2862 0x00000000038e6a90 code [0x00000000038e6be0, 0x00000000038e6cf0]
Event: 21.682 Thread 0x000000001e33e800 2863       1       java.text.DecimalFormatSymbols::getGroupingSeparator (5 bytes)
Event: 21.682 Thread 0x000000001e33e800 nmethod 2863 0x00000000038e67d0 code [0x00000000038e6920, 0x00000000038e6a30]
Event: 21.687 Thread 0x000000001e32e000 nmethod 2857 0x00000000038e5910 code [0x00000000038e5a80, 0x00000000038e60f8]
Event: 21.687 Thread 0x000000001e32e000 2856       4       sun.misc.FloatingDecimal$BinaryToASCIIBuffer::getDigits (22 bytes)
Event: 21.688 Thread 0x000000001e32e000 nmethod 2856 0x00000000038e5550 code [0x00000000038e56a0, 0x00000000038e5798]
Event: 21.688 Thread 0x000000001e32e000 2858       4       sun.misc.FormattedFloatingDecimal::fillDecimal (352 bytes)

GC Heap History (10 events):
Event: 20.841 GC heap before
{Heap before GC invocations=57 (full 15):
 PSYoungGen      total 541184K, used 520192K [0x000000076b900000, 0x000000078df00000, 0x00000007c0000000)
  eden space 520192K, 100% used [0x000000076b900000,0x000000078b500000,0x000000078b500000)
  from space 20992K, 0% used [0x000000078ca80000,0x000000078ca80000,0x000000078df00000)
  to   space 21504K, 0% used [0x000000078b500000,0x000000078b500000,0x000000078ca00000)
 ParOldGen       total 173568K, used 173383K [0x00000006c2a00000, 0x00000006cd380000, 0x000000076b900000)
  object space 173568K, 99% used [0x00000006c2a00000,0x00000006cd351f90,0x00000006cd380000)
 Metaspace       used 18521K, capacity 18828K, committed 19072K, reserved 1067008K
  class space    used 2269K, capacity 2343K, committed 2432K, reserved 1048576K
Event: 20.883 GC heap after
Heap after GC invocations=57 (full 15):
 PSYoungGen      total 541184K, used 25841K [0x000000076b900000, 0x000000078df00000, 0x00000007c0000000)
  eden space 520192K, 4% used [0x000000076b900000,0x000000076d23c790,0x000000078b500000)
  from space 20992K, 0% used [0x000000078ca80000,0x000000078ca80000,0x000000078df00000)
  to   space 21504K, 0% used [0x000000078b500000,0x000000078b500000,0x000000078ca00000)
 ParOldGen       total 173568K, used 173383K [0x00000006c2a00000, 0x00000006cd380000, 0x000000076b900000)
  object space 173568K, 99% used [0x00000006c2a00000,0x00000006cd351d18,0x00000006cd380000)
 Metaspace       used 18521K, capacity 18828K, committed 19072K, reserved 1067008K
  class space    used 2269K, capacity 2343K, committed 2432K, reserved 1048576K
}
Event: 20.982 GC heap before
{Heap before GC invocations=58 (full 16):
 PSYoungGen      total 541184K, used 520192K [0x000000076b900000, 0x000000078df00000, 0x00000007c0000000)
  eden space 520192K, 100% used [0x000000076b900000,0x000000078b500000,0x000000078b500000)
  from space 20992K, 0% used [0x000000078ca80000,0x000000078ca80000,0x000000078df00000)
  to   space 21504K, 0% used [0x000000078b500000,0x000000078b500000,0x000000078ca00000)
 ParOldGen       total 173568K, used 173383K [0x00000006c2a00000, 0x00000006cd380000, 0x000000076b900000)
  object space 173568K, 99% used [0x00000006c2a00000,0x00000006cd351d18,0x00000006cd380000)
 Metaspace       used 18527K, capacity 18828K, committed 19072K, reserved 1067008K
  class space    used 2269K, capacity 2343K, committed 2432K, reserved 1048576K
Event: 21.034 GC heap after
Heap after GC invocations=58 (full 16):
 PSYoungGen      total 541184K, used 29202K [0x000000076b900000, 0x000000078df00000, 0x00000007c0000000)
  eden space 520192K, 5% used [0x000000076b900000,0x000000076d584850,0x000000078b500000)
  from space 20992K, 0% used [0x000000078ca80000,0x000000078ca80000,0x000000078df00000)
  to   space 21504K, 0% used [0x000000078b500000,0x000000078b500000,0x000000078ca00000)
 ParOldGen       total 173568K, used 173382K [0x00000006c2a00000, 0x00000006cd380000, 0x000000076b900000)
  object space 173568K, 99% used [0x00000006c2a00000,0x00000006cd351ae0,0x00000006cd380000)
 Metaspace       used 18527K, capacity 18828K, committed 19072K, reserved 1067008K
  class space    used 2269K, capacity 2343K, committed 2432K, reserved 1048576K
}
Event: 21.116 GC heap before
{Heap before GC invocations=59 (full 17):
 PSYoungGen      total 541184K, used 520192K [0x000000076b900000, 0x000000078df00000, 0x00000007c0000000)
  eden space 520192K, 100% used [0x000000076b900000,0x000000078b500000,0x000000078b500000)
  from space 20992K, 0% used [0x000000078ca80000,0x000000078ca80000,0x000000078df00000)
  to   space 21504K, 0% used [0x000000078b500000,0x000000078b500000,0x000000078ca00000)
 ParOldGen       total 173568K, used 173382K [0x00000006c2a00000, 0x00000006cd380000, 0x000000076b900000)
  object space 173568K, 99% used [0x00000006c2a00000,0x00000006cd351ae0,0x00000006cd380000)
 Metaspace       used 18527K, capacity 18828K, committed 19072K, reserved 1067008K
  class space    used 2269K, capacity 2343K, committed 2432K, reserved 1048576K
Event: 21.151 GC heap after
Heap after GC invocations=59 (full 17):
 PSYoungGen      total 541184K, used 33036K [0x000000076b900000, 0x000000078df00000, 0x00000007c0000000)
  eden space 520192K, 6% used [0x000000076b900000,0x000000076d943240,0x000000078b500000)
  from space 20992K, 0% used [0x000000078ca80000,0x000000078ca80000,0x000000078df00000)
  to   space 21504K, 0% used [0x000000078b500000,0x000000078b500000,0x000000078ca00000)
 ParOldGen       total 173568K, used 173382K [0x00000006c2a00000, 0x00000006cd380000, 0x000000076b900000)
  object space 173568K, 99% used [0x00000006c2a00000,0x00000006cd351ae0,0x00000006cd380000)
 Metaspace       used 18527K, capacity 18828K, committed 19072K, reserved 1067008K
  class space    used 2269K, capacity 2343K, committed 2432K, reserved 1048576K
}
Event: 21.231 GC heap before
{Heap before GC invocations=60 (full 18):
 PSYoungGen      total 541184K, used 520192K [0x000000076b900000, 0x000000078df00000, 0x00000007c0000000)
  eden space 520192K, 100% used [0x000000076b900000,0x000000078b500000,0x000000078b500000)
  from space 20992K, 0% used [0x000000078ca80000,0x000000078ca80000,0x000000078df00000)
  to   space 21504K, 0% used [0x000000078b500000,0x000000078b500000,0x000000078ca00000)
 ParOldGen       total 173568K, used 173382K [0x00000006c2a00000, 0x00000006cd380000, 0x000000076b900000)
  object space 173568K, 99% used [0x00000006c2a00000,0x00000006cd351ae0,0x00000006cd380000)
 Metaspace       used 18530K, capacity 18828K, committed 19072K, reserved 1067008K
  class space    used 2269K, capacity 2343K, committed 2432K, reserved 1048576K
Event: 21.268 GC heap after
Heap after GC invocations=60 (full 18):
 PSYoungGen      total 541184K, used 36647K [0x000000076b900000, 0x000000078df00000, 0x00000007c0000000)
  eden space 520192K, 7% used [0x000000076b900000,0x000000076dcc9ca8,0x000000078b500000)
  from space 20992K, 0% used [0x000000078ca80000,0x000000078ca80000,0x000000078df00000)
  to   space 21504K, 0% used [0x000000078b500000,0x000000078b500000,0x000000078ca00000)
 ParOldGen       total 173568K, used 173382K [0x00000006c2a00000, 0x00000006cd380000, 0x000000076b900000)
  object space 173568K, 99% used [0x00000006c2a00000,0x00000006cd351ae0,0x00000006cd380000)
 Metaspace       used 18530K, capacity 18828K, committed 19072K, reserved 1067008K
  class space    used 2269K, capacity 2343K, committed 2432K, reserved 1048576K
}
Event: 21.398 GC heap before
{Heap before GC invocations=61 (full 19):
 PSYoungGen      total 541184K, used 520130K [0x000000076b900000, 0x000000078df00000, 0x00000007c0000000)
  eden space 520192K, 99% used [0x000000076b900000,0x000000078b4f0a48,0x000000078b500000)
  from space 20992K, 0% used [0x000000078ca80000,0x000000078ca80000,0x000000078df00000)
  to   space 21504K, 0% used [0x000000078b500000,0x000000078b500000,0x000000078ca00000)
 ParOldGen       total 173568K, used 173382K [0x00000006c2a00000, 0x00000006cd380000, 0x000000076b900000)
  object space 173568K, 99% used [0x00000006c2a00000,0x00000006cd351ae0,0x00000006cd380000)
 Metaspace       used 18537K, capacity 18828K, committed 19072K, reserved 1067008K
  class space    used 2269K, capacity 2343K, committed 2432K, reserved 1048576K
Event: 21.665 GC heap after
Heap after GC invocations=61 (full 19):
 PSYoungGen      total 541184K, used 40998K [0x000000076b900000, 0x000000078df00000, 0x00000007c0000000)
  eden space 520192K, 7% used [0x000000076b900000,0x000000076e109920,0x000000078b500000)
  from space 20992K, 0% used [0x000000078ca80000,0x000000078ca80000,0x000000078df00000)
  to   space 21504K, 0% used [0x000000078b500000,0x000000078b500000,0x000000078ca00000)
 ParOldGen       total 173568K, used 173382K [0x00000006c2a00000, 0x00000006cd380000, 0x000000076b900000)
  object space 173568K, 99% used [0x00000006c2a00000,0x00000006cd351ae0,0x00000006cd380000)
 Metaspace       used 18537K, capacity 18828K, committed 19072K, reserved 1067008K
  class space    used 2269K, capacity 2343K, committed 2432K, reserved 1048576K
}

Deoptimization events (10 events):
Event: 16.557 Thread 0x0000000002f71000 Uncommon trap: reason=unstable_if action=reinterpret pc=0x00000000036eef90 method=signalSACD.RealSignal.circular()LsignalSACD/RealSignal; @ 45
Event: 16.560 Thread 0x000000001e340800 Uncommon trap: reason=bimorphic action=maybe_recompile pc=0x00000000036d30ec method=java.util.concurrent.ThreadPoolExecutor.runWorker(Ljava/util/concurrent/ThreadPoolExecutor$Worker;)V @ 95
Event: 16.567 Thread 0x0000000020137000 Uncommon trap: reason=unstable_if action=reinterpret pc=0x000000000376ee40 method=ij.process.FloatProcessor.create8BitImage()[B @ 71
Event: 16.790 Thread 0x0000000002f71000 Uncommon trap: reason=unstable_if action=reinterpret pc=0x000000000376957c method=ij.process.FloatProcessor.findMinAndMax()V @ 32
Event: 16.790 Thread 0x0000000020137000 Uncommon trap: reason=unstable_if action=reinterpret pc=0x000000000379662c method=ij.process.FloatProcessor.create8BitImage()[B @ 71
Event: 16.798 Thread 0x000000001e33f000 Uncommon trap: reason=bimorphic action=maybe_recompile pc=0x00000000036d30ec method=java.util.concurrent.ThreadPoolExecutor.runWorker(Ljava/util/concurrent/ThreadPoolExecutor$Worker;)V @ 95
Event: 16.989 Thread 0x000000001e343800 Uncommon trap: reason=bimorphic action=maybe_recompile pc=0x00000000036d30ec method=java.util.concurrent.ThreadPoolExecutor.runWorker(Ljava/util/concurrent/ThreadPoolExecutor$Worker;)V @ 95
Event: 17.551 Thread 0x0000000020137000 Uncommon trap: reason=unstable_if action=reinterpret pc=0x000000000365c920 method=sun.misc.FloatingDecimal$BinaryToASCIIBuffer.dtoa(IJIZ)V @ 372
Event: 17.724 Thread 0x000000002276d000 Uncommon trap: reason=unstable_if action=reinterpret pc=0x00000000037aa2a0 method=java.util.concurrent.locks.AbstractQueuedSynchronizer.findNodeFromTail(Ljava/util/concurrent/locks/AbstractQueuedSynchronizer$Node;)Z @ 7
Event: 18.141 Thread 0x0000000022773800 Uncommon trap: reason=unstable_if action=reinterpret pc=0x00000000037aec88 method=java.util.concurrent.locks.AbstractQueuedSynchronizer.findNodeFromTail(Ljava/util/concurrent/locks/AbstractQueuedSynchronizer$Node;)Z @ 7

Internal exceptions (10 events):
Event: 0.107 Thread 0x0000000002f71000 Exception <a 'java/security/PrivilegedActionException'> (0x000000076bbac158) thrown at [C:\re\workspace\8-2-build-windows-amd64-cygwin\jdk8u141\9370\hotspot\src\share\vm\prims\jvm.cpp, line 1390]
Event: 0.107 Thread 0x0000000002f71000 Exception <a 'java/security/PrivilegedActionException'> (0x000000076bbac368) thrown at [C:\re\workspace\8-2-build-windows-amd64-cygwin\jdk8u141\9370\hotspot\src\share\vm\prims\jvm.cpp, line 1390]
Event: 0.114 Thread 0x0000000002f71000 Exception <a 'java/io/FileNotFoundException'> (0x000000076bbbc0e0) thrown at [C:\re\workspace\8-2-build-windows-amd64-cygwin\jdk8u141\9370\hotspot\src\share\vm\prims\jni.cpp, line 709]
Event: 0.134 Thread 0x0000000002f71000 Exception <a 'java/lang/NoSuchFieldError': method resolution failed> (0x000000076bc89578) thrown at [C:\re\workspace\8-2-build-windows-amd64-cygwin\jdk8u141\9370\hotspot\src\share\vm\prims\methodHandles.cpp, line 1146]
Event: 0.135 Thread 0x0000000002f71000 Exception <a 'java/lang/NoSuchFieldError': method resolution failed> (0x000000076bc96948) thrown at [C:\re\workspace\8-2-build-windows-amd64-cygwin\jdk8u141\9370\hotspot\src\share\vm\prims\methodHandles.cpp, line 1146]
Event: 0.165 Thread 0x0000000002f71000 Exception <a 'java/io/FileNotFoundException'> (0x000000076bd740d0) thrown at [C:\re\workspace\8-2-build-windows-amd64-cygwin\jdk8u141\9370\hotspot\src\share\vm\prims\jni.cpp, line 709]
Event: 0.605 Thread 0x000000002005b000 Implicit null exception at 0x00000000033332c0 to 0x0000000003333341
Event: 1.122 Thread 0x0000000020137000 Implicit null exception at 0x0000000003362402 to 0x0000000003364bf9
Event: 16.004 Thread 0x000000001e340800 Implicit null exception at 0x0000000003232819 to 0x000000000323287f
Event: 16.490 Thread 0x0000000020137000 Exception <a 'sun/java2d/InvalidPipeException': bounds changed> (0x000000076be1cb68) thrown at [C:\re\workspace\8-2-build-windows-amd64-cygwin\jdk8u141\9370\hotspot\src\share\vm\prims\jni.cpp, line 735]

Events (10 events):
Event: 21.692 Thread 0x0000000022b38000 Thread added: 0x0000000022b38000
Event: 21.692 Thread 0x0000000022b3c800 Thread added: 0x0000000022b3c800
Event: 21.692 Thread 0x0000000022b3b000 Thread added: 0x0000000022b3b000
Event: 21.692 Thread 0x0000000022b3d000 Thread added: 0x0000000022b3d000
Event: 21.692 Thread 0x0000000022b3b800 Thread added: 0x0000000022b3b800
Event: 21.692 Thread 0x0000000022b3e800 Thread added: 0x0000000022b3e800
Event: 21.692 Thread 0x0000000022b3e000 Thread added: 0x0000000022b3e000
Event: 21.692 Thread 0x0000000022b38800 Thread added: 0x0000000022b38800
Event: 21.692 Thread 0x0000000022501000 Thread added: 0x0000000022501000
Event: 21.692 Thread 0x0000000022500800 Thread added: 0x0000000022500800


Dynamic libraries:
0x00007ff6aac90000 - 0x00007ff6aacc7000 	C:\Program Files\Java\jre1.8.0_141\bin\javaw.exe
0x00007ffaf3c60000 - 0x00007ffaf3e50000 	C:\Windows\SYSTEM32\ntdll.dll
0x00007ffaf28f0000 - 0x00007ffaf29a2000 	C:\Windows\System32\KERNEL32.DLL
0x00007ffaf1560000 - 0x00007ffaf1805000 	C:\Windows\System32\KERNELBASE.dll
0x00007ffaf2e70000 - 0x00007ffaf2f13000 	C:\Windows\System32\ADVAPI32.dll
0x00007ffaf2cb0000 - 0x00007ffaf2d4e000 	C:\Windows\System32\msvcrt.dll
0x00007ffaf38e0000 - 0x00007ffaf3977000 	C:\Windows\System32\sechost.dll
0x00007ffaf3500000 - 0x00007ffaf3620000 	C:\Windows\System32\RPCRT4.dll
0x00007ffaf2af0000 - 0x00007ffaf2c84000 	C:\Windows\System32\USER32.dll
0x00007ffaf1a90000 - 0x00007ffaf1ab1000 	C:\Windows\System32\win32u.dll
0x00007ffaf39e0000 - 0x00007ffaf3a06000 	C:\Windows\System32\GDI32.dll
0x00007ffaf1ac0000 - 0x00007ffaf1c56000 	C:\Windows\System32\gdi32full.dll
0x00007ffaf0bf0000 - 0x00007ffaf0c8e000 	C:\Windows\System32\msvcp_win.dll
0x00007ffaf18f0000 - 0x00007ffaf19ea000 	C:\Windows\System32\ucrtbase.dll
0x00007ffadbfb0000 - 0x00007ffadc234000 	C:\Windows\WinSxS\amd64_microsoft.windows.common-controls_6595b64144ccf1df_6.0.18362.1139_none_9e7bf2d3e4605ac6\COMCTL32.dll
0x00007ffaf3150000 - 0x00007ffaf3485000 	C:\Windows\System32\combase.dll
0x00007ffaf1a10000 - 0x00007ffaf1a90000 	C:\Windows\System32\bcryptPrimitives.dll
0x00007ffaf3760000 - 0x00007ffaf378e000 	C:\Windows\System32\IMM32.DLL
0x00000000500b0000 - 0x0000000050182000 	C:\Program Files\Java\jre1.8.0_141\bin\msvcr100.dll
0x0000000050c00000 - 0x000000005149d000 	C:\Program Files\Java\jre1.8.0_141\bin\server\jvm.dll
0x00007ffaf34f0000 - 0x00007ffaf34f8000 	C:\Windows\System32\PSAPI.DLL
0x00007ffaea9b0000 - 0x00007ffaea9d4000 	C:\Windows\SYSTEM32\WINMM.dll
0x00007ffaf06f0000 - 0x00007ffaf06fa000 	C:\Windows\SYSTEM32\VERSION.dll
0x00007ffae8d20000 - 0x00007ffae8d29000 	C:\Windows\SYSTEM32\WSOCK32.dll
0x00007ffaf36f0000 - 0x00007ffaf375f000 	C:\Windows\System32\WS2_32.dll
0x00007ffaea980000 - 0x00007ffaea9ad000 	C:\Windows\SYSTEM32\winmmbase.dll
0x00007ffaf18a0000 - 0x00007ffaf18ea000 	C:\Windows\System32\cfgmgr32.dll
0x00000000520e0000 - 0x00000000520ef000 	C:\Program Files\Java\jre1.8.0_141\bin\verify.dll
0x00000000520b0000 - 0x00000000520d9000 	C:\Program Files\Java\jre1.8.0_141\bin\java.dll
0x0000000052090000 - 0x00000000520a6000 	C:\Program Files\Java\jre1.8.0_141\bin\zip.dll
0x00007ffaf1d10000 - 0x00007ffaf23f7000 	C:\Windows\System32\SHELL32.dll
0x00007ffaf2db0000 - 0x00007ffaf2e59000 	C:\Windows\System32\shcore.dll
0x00007ffaf0c90000 - 0x00007ffaf1410000 	C:\Windows\System32\windows.storage.dll
0x00007ffaf0b50000 - 0x00007ffaf0b73000 	C:\Windows\System32\profapi.dll
0x00007ffaf0ba0000 - 0x00007ffaf0bea000 	C:\Windows\System32\powrprof.dll
0x00007ffaf0b20000 - 0x00007ffaf0b30000 	C:\Windows\System32\UMPDC.dll
0x00007ffaf2d50000 - 0x00007ffaf2da2000 	C:\Windows\System32\shlwapi.dll
0x00007ffaf0b30000 - 0x00007ffaf0b41000 	C:\Windows\System32\kernel.appcore.dll
0x00007ffaf19f0000 - 0x00007ffaf1a07000 	C:\Windows\System32\cryptsp.dll
0x00000000775c0000 - 0x0000000077758000 	C:\Program Files\Java\jre1.8.0_141\bin\awt.dll
0x00007ffaf3620000 - 0x00007ffaf36e5000 	C:\Windows\System32\OLEAUT32.dll
0x00007ffaeac30000 - 0x00007ffaeacbf000 	C:\Windows\SYSTEM32\apphelp.dll
0x00007ffaeeae0000 - 0x00007ffaeeb0d000 	C:\Windows\system32\DWMAPI.DLL
0x00007ffaee3f0000 - 0x00007ffaee489000 	C:\Windows\system32\uxtheme.dll
0x00007ffac6c20000 - 0x00007ffac6d76000 	C:\Windows\system32\opengl32.dll
0x00007ffac7770000 - 0x00007ffac779c000 	C:\Windows\SYSTEM32\GLU32.dll
0x00007ffaef6f0000 - 0x00007ffaef710000 	C:\Windows\SYSTEM32\dxcore.dll
0x00007ffaf29b0000 - 0x00007ffaf2ae5000 	C:\Windows\System32\MSCTF.dll
0x00007ffaf3ac0000 - 0x00007ffaf3c17000 	C:\Windows\System32\ole32.dll
0x00007ffad23f0000 - 0x00007ffad2415000 	D:\Program Files (x86)\Youdao\Dict\8.9.3.0\WordStrokeHelper64.dll
0x0000000050060000 - 0x00000000500a7000 	C:\Program Files\Java\jre1.8.0_141\bin\fontmanager.dll
0x0000000050be0000 - 0x0000000050bfa000 	C:\Program Files\Java\jre1.8.0_141\bin\net.dll
0x00007ffaf02f0000 - 0x00007ffaf0357000 	C:\Windows\system32\mswsock.dll
0x0000000050bc0000 - 0x0000000050bd1000 	C:\Program Files\Java\jre1.8.0_141\bin\nio.dll
0x0000000050010000 - 0x0000000050052000 	C:\Program Files\Java\jre1.8.0_141\bin\t2k.dll
0x00007ffac5fe0000 - 0x00007ffac607e000 	C:\Windows\System32\TextInputFramework.dll
0x00007ffaea880000 - 0x00007ffaea954000 	C:\Windows\System32\CoreMessaging.dll
0x00007ffae87a0000 - 0x00007ffae8aca000 	C:\Windows\System32\CoreUIComponents.dll
0x00007ffaefbf0000 - 0x00007ffaefc21000 	C:\Windows\SYSTEM32\ntmarta.dll
0x00007ffae9200000 - 0x00007ffae9353000 	C:\Windows\SYSTEM32\wintypes.dll
0x00007ffada570000 - 0x00007ffada817000 	C:\Windows\System32\iertutil.dll
0x00007ffaf3a10000 - 0x00007ffaf3ab2000 	C:\Windows\System32\clbcatq.dll
0x00007ffab33e0000 - 0x00007ffab35cd000 	C:\Windows\system32\SogouTSF.ime
0x00007ffaddcb0000 - 0x00007ffaddcb7000 	C:\Windows\system32\MSIMG32.dll
0x00007ffaac950000 - 0x00007ffaad1dd000 	C:\Windows\system32\SogouPy.ime
0x00007ffadbde0000 - 0x00007ffadbe45000 	C:\Windows\SYSTEM32\OLEACC.dll
0x00007ffae8410000 - 0x00007ffae8500000 	C:\Windows\SYSTEM32\WINHTTP.dll
0x00007ffaa6640000 - 0x00007ffaa68a9000 	D:\Program Files (x86)\sogoupinyin\Components\PicFace\1.1.0.1867\PicFace64.dll
0x00007ffaf3810000 - 0x00007ffaf38e0000 	C:\Windows\System32\COMDLG32.dll
0x0000000024de0000 - 0x0000000024efd000 	D:\Program Files (x86)\sogoupinyin\9.6.0.3568\Resource.dll
0x00007ffabf8c0000 - 0x00007ffabf8d8000 	D:\Program Files (x86)\sogoupinyin\Components\VoiceInput\1.0.0.163\VoiceInput64.dll
0x00007ffae81d0000 - 0x00007ffae837f000 	C:\Windows\SYSTEM32\WindowsCodecs.dll
0x0000000077590000 - 0x00000000775ba000 	C:\Program Files\Java\jre1.8.0_141\bin\dcpr.dll
0x00007ffab6cf0000 - 0x00007ffab6d2a000 	C:\Windows\system32\dataexchange.dll
0x00007ffaea0d0000 - 0x00007ffaea32b000 	C:\Windows\system32\d3d11.dll
0x00007ffaea330000 - 0x00007ffaea50d000 	C:\Windows\system32\dcomp.dll
0x00007ffaef780000 - 0x00007ffaef86b000 	C:\Windows\system32\dxgi.dll
0x00007ffaeeb10000 - 0x00007ffaeed72000 	C:\Windows\system32\twinapi.appcore.dll
0x00007ffaef020000 - 0x00007ffaef049000 	C:\Windows\system32\RMCLIENT.dll
0x00007ffadde20000 - 0x00007ffaddec9000 	C:\Windows\WinSxS\amd64_microsoft.windows.common-controls_6595b64144ccf1df_5.82.18362.1139_none_73b3ffb6d815397f\comctl32.dll
0x00007ffaee7d0000 - 0x00007ffaee8c0000 	C:\Windows\system32\propsys.dll
0x00007ffae8cf0000 - 0x00007ffae8d06000 	C:\Windows\system32\NetworkExplorer.dll
0x00007ffab5b90000 - 0x00007ffab5bee000 	C:\Windows\System32\thumbcache.dll
0x00007ffacde60000 - 0x00007ffacde7b000 	C:\Windows\SYSTEM32\MPR.dll
0x00007ffac2360000 - 0x00007ffac236b000 	C:\Windows\System32\drprov.dll
0x00007ffaefd30000 - 0x00007ffaefd86000 	C:\Windows\System32\WINSTA.dll
0x00007ffab3a00000 - 0x00007ffab3a15000 	C:\Windows\System32\ntlanman.dll
0x00007ffab0d00000 - 0x00007ffab0d1d000 	C:\Windows\System32\davclnt.dll
0x00007ffabc010000 - 0x00007ffabc01c000 	C:\Windows\System32\DAVHLPR.dll
0x00007ffae7360000 - 0x00007ffae7377000 	C:\Windows\System32\wkscli.dll
0x00007ffaf1810000 - 0x00007ffaf1836000 	C:\Windows\System32\bcrypt.dll
0x00007fface5f0000 - 0x00007fface602000 	C:\Windows\SYSTEM32\cscapi.dll
0x00007ffaf0160000 - 0x00007ffaf016c000 	C:\Windows\System32\netutils.dll
0x00007ffae3ee0000 - 0x00007ffae3f33000 	C:\Windows\System32\dlnashext.dll
0x00007ffaccc90000 - 0x00007ffacccf4000 	C:\Windows\System32\PlayToDevice.dll
0x00007ffaeb0b0000 - 0x00007ffaeb0d0000 	C:\Windows\System32\DevDispItemProvider.dll
0x00007ffae37d0000 - 0x00007ffae3842000 	C:\Windows\System32\MMDevApi.dll
0x00007ffaf08b0000 - 0x00007ffaf08da000 	C:\Windows\System32\DEVOBJ.dll
0x00007ffacb6f0000 - 0x00007ffacb78b000 	C:\Windows\system32\wpdshext.dll
0x00007ffadc240000 - 0x00007ffadc3e3000 	C:\Windows\WinSxS\amd64_microsoft.windows.gdiplus_6595b64144ccf1df_1.1.18362.1139_none_cf66e5b93ef2d494\gdiplus.dll
0x00007ffae48a0000 - 0x00007ffae493e000 	C:\Windows\System32\PortableDeviceApi.dll
0x00007ffae7760000 - 0x00007ffae7ecc000 	C:\Windows\System32\OneCoreUAPCommonProxyStub.dll
0x00007ffaf2400000 - 0x00007ffaf2870000 	C:\Windows\System32\SETUPAPI.dll
0x00007ffaf1840000 - 0x00007ffaf189c000 	C:\Windows\System32\WINTRUST.dll
0x00007ffaf0b80000 - 0x00007ffaf0b92000 	C:\Windows\System32\MSASN1.dll
0x00007ffaf1410000 - 0x00007ffaf1559000 	C:\Windows\System32\CRYPT32.dll
0x00007ffad9a90000 - 0x00007ffad9ac7000 	C:\Windows\System32\EhStorShell.dll
0x00007ffad37c0000 - 0x00007ffad37e5000 	C:\Windows\System32\EhStorAPI.dll
0x00007ffaeaff0000 - 0x00007ffaeb003000 	C:\Windows\System32\WTSAPI32.dll
0x00007ffab9950000 - 0x00007ffab995d000 	C:\Windows\SYSTEM32\LINKINFO.dll
0x00007ffad9fa0000 - 0x00007ffad9fac000 	C:\Windows\SYSTEM32\Secur32.dll
0x00007ffaf0a30000 - 0x00007ffaf0a67000 	C:\Windows\SYSTEM32\SSPICLI.DLL
0x00007ffad9ad0000 - 0x00007ffad9b34000 	C:\Program Files (x86)\360\360Safe\safemon\360UDiskGuard64.dll
0x00007ffac2400000 - 0x00007ffac263e000 	C:\PROGRA~1\MICROS~2\Office15\GROOVEEX.DLL
0x0000000052840000 - 0x000000005286b000 	C:\Windows\SYSTEM32\ATL100.DLL
0x0000000052950000 - 0x00000000529e8000 	C:\Windows\SYSTEM32\MSVCP100.dll
0x00007ffad5bc0000 - 0x00007ffad602e000 	C:\Windows\SYSTEM32\msi.dll
0x000000002b320000 - 0x000000002bb7d000 	C:\PROGRA~1\MICROS~2\Office15\2052\GrooveIntlResource.dll
0x00007ffadb030000 - 0x00007ffadb039000 	C:\Windows\system32\IconCodecService.dll
0x00007ffacdd80000 - 0x00007ffacde19000 	C:\Windows\system32\RICHED20.DLL
0x00007ffad7c60000 - 0x00007ffad7c79000 	C:\Windows\SYSTEM32\USP10.dll
0x00007ffad7a70000 - 0x00007ffad7aa9000 	C:\Windows\SYSTEM32\msls31.dll
0x0000000050000000 - 0x000000005000d000 	C:\Program Files\Java\jre1.8.0_141\bin\management.dll
0x00007ffaef3b0000 - 0x00007ffaef5a4000 	C:\Windows\SYSTEM32\dbghelp.dll

VM Arguments:
jvm_args: -Dfile.encoding=UTF-8 
java_command: com.HIT.weisongzhao.SACD_RL
java_class_path (initial): D:\PHD\PANELJ\SACD\target\classes;C:\Users\zhaow\.m2\repository\net\imagej\ij\1.52b\ij-1.52b.jar;C:\Users\zhaow\.m2\repository\pl\edu\icm\JLargeArrays\1.5\JLargeArrays-1.5.jar;C:\Users\zhaow\.m2\repository\org\apache\commons\commons-math3\3.6.1\commons-math3-3.6.1.jar
Launcher Type: SUN_STANDARD

Environment Variables:
JAVA_HOME=C:\Program Files\Java\jdk1.8.0_141
CLASSPATH=.;C:\Program Files\Java\jdk1.8.0_141\lib
PATH=C:/Program Files/Java/jre1.8.0_141/bin/server;C:/Program Files/Java/jre1.8.0_141/bin;C:/Program Files/Java/jre1.8.0_141/lib/amd64;C:\ProgramData\Oracle\Java\javapath;C:\Windows\system32;C:\Windows;C:\Windows\System32\Wbem;C:\Windows\System32\WindowsPowerShell\v1.0\;C:\Windows\System32\OpenSSH\;C:\Program Files\NVIDIA Corporation\NVIDIA NvDLISR;D:\Program Files (x86)\Git\cmd;C:\Program Files\Java\jdk1.8.0_141\bin;D:\Matlab 2017b\runtime\win64;D:\Matlab 2017b\bin;C:\Users\zhaow\AppData\Local\Microsoft\WindowsApps;;C:\Windows\system32;
USERNAME=zhaow
OS=Windows_NT
PROCESSOR_IDENTIFIER=Intel64 Family 6 Model 166 Stepping 0, GenuineIntel



---------------  S Y S T E M  ---------------

OS: Windows 10.0 , 64 bit Build 18362 (10.0.18362.1110)

CPU:total 12 (initial active 12) (6 cores per cpu, 2 threads per core) family 6 model 166 stepping 0, cmov, cx8, fxsr, mmx, sse, sse2, sse3, ssse3, sse4.1, sse4.2, popcnt, avx, avx2, aes, clmul, erms, 3dnowpref, lzcnt, ht, tsc, tscinvbit, bmi1, bmi2, adx

Memory: 4k page, physical 16603188k(166164k free), swap 29710384k(3024k free)

vm_info: Java HotSpot(TM) 64-Bit Server VM (25.141-b15) for windows-amd64 JRE (1.8.0_141-b15), built on Jul 12 2017 04:25:12 by "java_re" with MS VC++ 10.0 (VS2010)

time: Tue Dec 15 16:45:14 2020
elapsed time: 21 seconds (0d 0h 0m 21s)

