#
# There is insufficient memory for the Java Runtime Environment to continue.
# Native memory allocation (malloc) failed to allocate 1262144 bytes for Chunk::new
# Possible reasons:
#   The system is out of physical RAM or swap space
#   In 32 bit mode, the process size limit was hit
# Possible solutions:
#   Reduce memory load on the system
#   Increase physical memory or swap space
#   Check if swap backing store is full
#   Use 64 bit Java on a 64 bit OS
#   Decrease Java heap size (-Xmx/-Xms)
#   Decrease number of Java threads
#   Decrease Java thread stack sizes (-Xss)
#   Set larger code cache with -XX:ReservedCodeCacheSize=
# This output file may be truncated or incomplete.
#
#  Out of Memory Error (allocation.cpp:390), pid=36804, tid=0x000000000000a8f4
#
# JRE version: Java(TM) SE Runtime Environment (8.0_141-b15) (build 1.8.0_141-b15)
# Java VM: Java HotSpot(TM) 64-Bit Server VM (25.141-b15 mixed mode windows-amd64 compressed oops)
# Failed to write core dump. Minidumps are not enabled by default on client versions of Windows
#

---------------  T H R E A D  ---------------

Current thread (0x000000001df9b800):  JavaThread "C2 CompilerThread0" daemon [_thread_in_native, id=43252, stack(0x000000001f500000,0x000000001f600000)]

Stack: [0x000000001f500000,0x000000001f600000]
[error occurred during error reporting (printing stack bounds), id 0xc0000005]

Native frames: (J=compiled Java code, j=interpreted, Vv=VM code, C=native code)


Current CompileTask:
C2:  12015 2764   !   4       java.util.Formatter::format (271 bytes)


---------------  P R O C E S S  ---------------

Java Threads: ( => current thread )
  0x0000000022567800 JavaThread "pool-2586-thread-1" [_thread_in_Java, id=23864, stack(0x00000000211a0000,0x00000000212a0000)]
  0x0000000022563800 JavaThread "Timer-19" [_thread_blocked, id=38940, stack(0x0000000020b90000,0x0000000020c90000)]
  0x000000002256a800 JavaThread "pool-2450-thread-1" [_thread_blocked, id=27160, stack(0x00000000210a0000,0x00000000211a0000)]
  0x000000001feb2800 JavaThread "pool-2314-thread-1" [_thread_blocked, id=37968, stack(0x0000000020f90000,0x0000000021090000)]
  0x0000000020018800 JavaThread "pool-2178-thread-1" [_thread_blocked, id=44320, stack(0x0000000020e90000,0x0000000020f90000)]
  0x000000002001b000 JavaThread "pool-2042-thread-1" [_thread_blocked, id=37688, stack(0x0000000020d90000,0x0000000020e90000)]
  0x0000000022569800 JavaThread "pool-1906-thread-1" [_thread_blocked, id=42808, stack(0x0000000020c90000,0x0000000020d90000)]
  0x000000001feb1800 JavaThread "pool-1770-thread-1" [_thread_blocked, id=37284, stack(0x0000000021af0000,0x0000000021bf0000)]
  0x0000000020121800 JavaThread "zSelector" [_thread_blocked, id=39004, stack(0x0000000020a50000,0x0000000020b50000)]
  0x00000000223a1000 JavaThread "TimerQueue" daemon [_thread_blocked, id=34204, stack(0x000000002a8b0000,0x000000002a9b0000)]
  0x000000002256c800 JavaThread "Swing-Shell" daemon [_thread_blocked, id=35944, stack(0x0000000029e00000,0x0000000029f00000)]
  0x000000001fdd7800 JavaThread "AWT-EventQueue-0" [_thread_blocked, id=39912, stack(0x00000000217f0000,0x00000000218f0000)]
  0x000000001fcee800 JavaThread "AWT-Windows" daemon [_thread_in_native, id=41752, stack(0x0000000020640000,0x0000000020740000)]
  0x000000001fce9800 JavaThread "AWT-Shutdown" [_thread_blocked, id=29972, stack(0x0000000020540000,0x0000000020640000)]
  0x000000001fce9000 JavaThread "Java2D Disposer" daemon [_thread_blocked, id=18824, stack(0x00000000203b0000,0x00000000204b0000)]
  0x000000001e02e000 JavaThread "Service Thread" daemon [_thread_blocked, id=21260, stack(0x000000001f900000,0x000000001fa00000)]
  0x000000001dfab800 JavaThread "C1 CompilerThread3" daemon [_thread_blocked, id=43940, stack(0x000000001f800000,0x000000001f900000)]
  0x000000001dfaa800 JavaThread "C2 CompilerThread2" daemon [_thread_in_native, id=44264, stack(0x000000001f700000,0x000000001f800000)]
  0x000000001dfa4000 JavaThread "C2 CompilerThread1" daemon [_thread_blocked, id=14396, stack(0x000000001f600000,0x000000001f700000)]
=>0x000000001df9b800 JavaThread "C2 CompilerThread0" daemon [_thread_in_native, id=43252, stack(0x000000001f500000,0x000000001f600000)]
  0x000000001df98000 JavaThread "Attach Listener" daemon [_thread_blocked, id=44956, stack(0x000000001f400000,0x000000001f500000)]
  0x000000001df97800 JavaThread "Signal Dispatcher" daemon [_thread_blocked, id=46288, stack(0x000000001f300000,0x000000001f400000)]
  0x000000001df33000 JavaThread "Finalizer" daemon [_thread_blocked, id=46296, stack(0x000000001f1a0000,0x000000001f2a0000)]
  0x000000001c84c800 JavaThread "Reference Handler" daemon [_thread_blocked, id=42768, stack(0x000000001f0a0000,0x000000001f1a0000)]
  0x0000000002b71000 JavaThread "main" [_thread_blocked, id=43352, stack(0x0000000002a70000,0x0000000002b70000)]

Other Threads:
  0x000000001c846800 VMThread [stack: 0x000000001efa0000,0x000000001f0a0000] [id=46668]
  0x000000001e08e800 WatcherThread [stack: 0x000000001fa00000,0x000000001fb00000] [id=43980]

VM state:not at safepoint (normal execution)

VM Mutex/Monitor currently owned by a thread: None

Heap:
 PSYoungGen      total 853504K, used 467086K [0x000000076b900000, 0x00000007a1000000, 0x00000007c0000000)
  eden space 832512K, 54% used [0x000000076b900000,0x00000007876c3928,0x000000079e600000)
  from space 20992K, 50% used [0x000000079fb80000,0x00000007a05e0260,0x00000007a1000000)
  to   space 21504K, 0% used [0x000000079e600000,0x000000079e600000,0x000000079fb00000)
 ParOldGen       total 215552K, used 201195K [0x00000006c2a00000, 0x00000006cfc80000, 0x000000076b900000)
  object space 215552K, 93% used [0x00000006c2a00000,0x00000006cee7afc0,0x00000006cfc80000)
 Metaspace       used 18249K, capacity 18564K, committed 18816K, reserved 1064960K
  class space    used 2237K, capacity 2343K, committed 2432K, reserved 1048576K

Card table byte_map: [0x0000000012030000,0x0000000012820000] byte_map_base: 0x000000000ea1b000

Marking Bits: (ParMarkBitMap*) 0x000000006dd2d850
 Begin Bits: [0x0000000013770000, 0x00000000176c8000)
 End Bits:   [0x00000000176c8000, 0x000000001b620000)

Polling page: 0x0000000000ce0000

CodeCache: size=245760Kb used=8418Kb max_used=8431Kb free=237341Kb
 bounds [0x0000000002c70000, 0x00000000034c0000, 0x0000000011c70000]
 total_blobs=3015 nmethods=2468 adapters=458
 compilation: enabled

Compilation events (10 events):
Event: 11.911 Thread 0x000000001dfab800 nmethod 2781 0x00000000034a3190 code [0x00000000034a3300, 0x00000000034a34f0]
Event: 11.911 Thread 0x000000001dfab800 2778       3       javax.swing.ActionMap::setParent (6 bytes)
Event: 11.911 Thread 0x000000001dfab800 nmethod 2778 0x00000000034a0410 code [0x00000000034a0560, 0x00000000034a06d0]
Event: 11.911 Thread 0x000000001dfab800 2776       3       javax.swing.LookAndFeel::installBorder (25 bytes)
Event: 11.911 Thread 0x000000001dfab800 nmethod 2776 0x00000000034ab1d0 code [0x00000000034ab3a0, 0x00000000034abc58]
Event: 11.913 Thread 0x000000001dfa4000 nmethod 2770 0x00000000034b46d0 code [0x00000000034b4880, 0x00000000034b4ff8]
Event: 11.913 Thread 0x000000001dfa4000 2771       4       javax.swing.JTable::getCellRect (350 bytes)
Event: 11.922 Thread 0x000000001dfa4000 nmethod 2771 0x00000000034b5b50 code [0x00000000034b5d00, 0x00000000034b6c58]
Event: 11.922 Thread 0x000000001dfa4000 2772       4       java.util.ArrayList::remove (77 bytes)
Event: 11.924 Thread 0x000000001dfa4000 nmethod 2772 0x00000000034b2bd0 code [0x00000000034b2d20, 0x00000000034b3088]

GC Heap History (10 events):
Event: 11.555 GC heap before
{Heap before GC invocations=41 (full 1):
 PSYoungGen      total 854016K, used 842880K [0x000000076b900000, 0x00000007a1000000, 0x00000007c0000000)
  eden space 832512K, 100% used [0x000000076b900000,0x000000079e600000,0x000000079e600000)
  from space 21504K, 48% used [0x000000079e600000,0x000000079f020250,0x000000079fb00000)
  to   space 20992K, 0% used [0x000000079fb80000,0x000000079fb80000,0x00000007a1000000)
 ParOldGen       total 215552K, used 174074K [0x00000006c2a00000, 0x00000006cfc80000, 0x000000076b900000)
  object space 215552K, 80% used [0x00000006c2a00000,0x00000006cd3fe970,0x00000006cfc80000)
 Metaspace       used 18233K, capacity 18564K, committed 18816K, reserved 1064960K
  class space    used 2237K, capacity 2343K, committed 2432K, reserved 1048576K
Event: 11.560 GC heap after
Heap after GC invocations=41 (full 1):
 PSYoungGen      total 853504K, used 7552K [0x000000076b900000, 0x00000007a1000000, 0x00000007c0000000)
  eden space 832512K, 0% used [0x000000076b900000,0x000000076b900000,0x000000079e600000)
  from space 20992K, 35% used [0x000000079fb80000,0x00000007a02e01c0,0x00000007a1000000)
  to   space 21504K, 0% used [0x000000079e600000,0x000000079e600000,0x000000079fb00000)
 ParOldGen       total 215552K, used 182394K [0x00000006c2a00000, 0x00000006cfc80000, 0x000000076b900000)
  object space 215552K, 84% used [0x00000006c2a00000,0x00000006cdc1eb50,0x00000006cfc80000)
 Metaspace       used 18233K, capacity 18564K, committed 18816K, reserved 1064960K
  class space    used 2237K, capacity 2343K, committed 2432K, reserved 1048576K
}
Event: 11.653 GC heap before
{Heap before GC invocations=42 (full 1):
 PSYoungGen      total 853504K, used 840064K [0x000000076b900000, 0x00000007a1000000, 0x00000007c0000000)
  eden space 832512K, 100% used [0x000000076b900000,0x000000079e600000,0x000000079e600000)
  from space 20992K, 35% used [0x000000079fb80000,0x00000007a02e01c0,0x00000007a1000000)
  to   space 21504K, 0% used [0x000000079e600000,0x000000079e600000,0x000000079fb00000)
 ParOldGen       total 215552K, used 182394K [0x00000006c2a00000, 0x00000006cfc80000, 0x000000076b900000)
  object space 215552K, 84% used [0x00000006c2a00000,0x00000006cdc1eb50,0x00000006cfc80000)
 Metaspace       used 18234K, capacity 18564K, committed 18816K, reserved 1064960K
  class space    used 2237K, capacity 2343K, committed 2432K, reserved 1048576K
Event: 11.655 GC heap after
Heap after GC invocations=42 (full 1):
 PSYoungGen      total 854016K, used 9024K [0x000000076b900000, 0x00000007a1000000, 0x00000007c0000000)
  eden space 832512K, 0% used [0x000000076b900000,0x000000076b900000,0x000000079e600000)
  from space 21504K, 41% used [0x000000079e600000,0x000000079eed0220,0x000000079fb00000)
  to   space 20992K, 0% used [0x000000079fb80000,0x000000079fb80000,0x00000007a1000000)
 ParOldGen       total 215552K, used 186059K [0x00000006c2a00000, 0x00000006cfc80000, 0x000000076b900000)
  object space 215552K, 86% used [0x00000006c2a00000,0x00000006cdfb2c30,0x00000006cfc80000)
 Metaspace       used 18234K, capacity 18564K, committed 18816K, reserved 1064960K
  class space    used 2237K, capacity 2343K, committed 2432K, reserved 1048576K
}
Event: 11.771 GC heap before
{Heap before GC invocations=43 (full 1):
 PSYoungGen      total 854016K, used 841536K [0x000000076b900000, 0x00000007a1000000, 0x00000007c0000000)
  eden space 832512K, 100% used [0x000000076b900000,0x000000079e600000,0x000000079e600000)
  from space 21504K, 41% used [0x000000079e600000,0x000000079eed0220,0x000000079fb00000)
  to   space 20992K, 0% used [0x000000079fb80000,0x000000079fb80000,0x00000007a1000000)
 ParOldGen       total 215552K, used 186059K [0x00000006c2a00000, 0x00000006cfc80000, 0x000000076b900000)
  object space 215552K, 86% used [0x00000006c2a00000,0x00000006cdfb2c30,0x00000006cfc80000)
 Metaspace       used 18242K, capacity 18564K, committed 18816K, reserved 1064960K
  class space    used 2237K, capacity 2343K, committed 2432K, reserved 1048576K
Event: 11.775 GC heap after
Heap after GC invocations=43 (full 1):
 PSYoungGen      total 853504K, used 9344K [0x000000076b900000, 0x00000007a1000000, 0x00000007c0000000)
  eden space 832512K, 0% used [0x000000076b900000,0x000000076b900000,0x000000079e600000)
  from space 20992K, 44% used [0x000000079fb80000,0x00000007a04a0210,0x00000007a1000000)
  to   space 21504K, 0% used [0x000000079e600000,0x000000079e600000,0x000000079fb00000)
 ParOldGen       total 215552K, used 189971K [0x00000006c2a00000, 0x00000006cfc80000, 0x000000076b900000)
  object space 215552K, 88% used [0x00000006c2a00000,0x00000006ce384d20,0x00000006cfc80000)
 Metaspace       used 18242K, capacity 18564K, committed 18816K, reserved 1064960K
  class space    used 2237K, capacity 2343K, committed 2432K, reserved 1048576K
}
Event: 11.863 GC heap before
{Heap before GC invocations=44 (full 1):
 PSYoungGen      total 853504K, used 841856K [0x000000076b900000, 0x00000007a1000000, 0x00000007c0000000)
  eden space 832512K, 100% used [0x000000076b900000,0x000000079e600000,0x000000079e600000)
  from space 20992K, 44% used [0x000000079fb80000,0x00000007a04a0210,0x00000007a1000000)
  to   space 21504K, 0% used [0x000000079e600000,0x000000079e600000,0x000000079fb00000)
 ParOldGen       total 215552K, used 189971K [0x00000006c2a00000, 0x00000006cfc80000, 0x000000076b900000)
  object space 215552K, 88% used [0x00000006c2a00000,0x00000006ce384d20,0x00000006cfc80000)
 Metaspace       used 18242K, capacity 18564K, committed 18816K, reserved 1064960K
  class space    used 2237K, capacity 2343K, committed 2432K, reserved 1048576K
Event: 11.865 GC heap after
Heap after GC invocations=44 (full 1):
 PSYoungGen      total 854016K, used 7040K [0x000000076b900000, 0x00000007a1000000, 0x00000007c0000000)
  eden space 832512K, 0% used [0x000000076b900000,0x000000076b900000,0x000000079e600000)
  from space 21504K, 32% used [0x000000079e600000,0x000000079ece01a0,0x000000079fb00000)
  to   space 20992K, 0% used [0x000000079fb80000,0x000000079fb80000,0x00000007a1000000)
 ParOldGen       total 215552K, used 198035K [0x00000006c2a00000, 0x00000006cfc80000, 0x000000076b900000)
  object space 215552K, 91% used [0x00000006c2a00000,0x00000006ceb64ef0,0x00000006cfc80000)
 Metaspace       used 18242K, capacity 18564K, committed 18816K, reserved 1064960K
  class space    used 2237K, capacity 2343K, committed 2432K, reserved 1048576K
}
Event: 11.967 GC heap before
{Heap before GC invocations=45 (full 1):
 PSYoungGen      total 854016K, used 839552K [0x000000076b900000, 0x00000007a1000000, 0x00000007c0000000)
  eden space 832512K, 100% used [0x000000076b900000,0x000000079e600000,0x000000079e600000)
  from space 21504K, 32% used [0x000000079e600000,0x000000079ece01a0,0x000000079fb00000)
  to   space 20992K, 0% used [0x000000079fb80000,0x000000079fb80000,0x00000007a1000000)
 ParOldGen       total 215552K, used 198035K [0x00000006c2a00000, 0x00000006cfc80000, 0x000000076b900000)
  object space 215552K, 91% used [0x00000006c2a00000,0x00000006ceb64ef0,0x00000006cfc80000)
 Metaspace       used 18249K, capacity 18564K, committed 18816K, reserved 1064960K
  class space    used 2237K, capacity 2343K, committed 2432K, reserved 1048576K
Event: 11.969 GC heap after
Heap after GC invocations=45 (full 1):
 PSYoungGen      total 853504K, used 10624K [0x000000076b900000, 0x00000007a1000000, 0x00000007c0000000)
  eden space 832512K, 0% used [0x000000076b900000,0x000000076b900000,0x000000079e600000)
  from space 20992K, 50% used [0x000000079fb80000,0x00000007a05e0260,0x00000007a1000000)
  to   space 21504K, 0% used [0x000000079e600000,0x000000079e600000,0x000000079fb00000)
 ParOldGen       total 215552K, used 201195K [0x00000006c2a00000, 0x00000006cfc80000, 0x000000076b900000)
  object space 215552K, 93% used [0x00000006c2a00000,0x00000006cee7afc0,0x00000006cfc80000)
 Metaspace       used 18249K, capacity 18564K, committed 18816K, reserved 1064960K
  class space    used 2237K, capacity 2343K, committed 2432K, reserved 1048576K
}

Deoptimization events (10 events):
Event: 8.232 Thread 0x0000000002b71000 Uncommon trap: reason=unstable_if action=reinterpret pc=0x000000000330fe90 method=signalSACD.RealSignal.circular()LsignalSACD/RealSignal; @ 45
Event: 8.234 Thread 0x000000001feb3000 Uncommon trap: reason=bimorphic action=maybe_recompile pc=0x0000000003312da8 method=java.util.concurrent.ThreadPoolExecutor.runWorker(Ljava/util/concurrent/ThreadPoolExecutor$Worker;)V @ 95
Event: 8.440 Thread 0x000000001feb5000 Uncommon trap: reason=bimorphic action=maybe_recompile pc=0x0000000003312da8 method=java.util.concurrent.ThreadPoolExecutor.runWorker(Ljava/util/concurrent/ThreadPoolExecutor$Worker;)V @ 95
Event: 8.645 Thread 0x000000001feaf800 Uncommon trap: reason=bimorphic action=maybe_recompile pc=0x0000000003312da8 method=java.util.concurrent.ThreadPoolExecutor.runWorker(Ljava/util/concurrent/ThreadPoolExecutor$Worker;)V @ 95
Event: 8.904 Thread 0x000000001fdd7800 Uncommon trap: reason=class_check action=maybe_recompile pc=0x0000000002f32b48 method=java.util.AbstractCollection.isEmpty()Z @ 1
Event: 8.905 Thread 0x000000001fdd7800 Uncommon trap: reason=class_check action=maybe_recompile pc=0x0000000002f32b48 method=java.util.AbstractCollection.isEmpty()Z @ 1
Event: 8.905 Thread 0x000000001fdd7800 Uncommon trap: reason=class_check action=maybe_recompile pc=0x0000000002f32b48 method=java.util.AbstractCollection.isEmpty()Z @ 1
Event: 8.907 Thread 0x000000001fdd7800 Uncommon trap: reason=class_check action=maybe_recompile pc=0x0000000002f32b48 method=java.util.AbstractCollection.isEmpty()Z @ 1
Event: 9.391 Thread 0x000000001feb7000 Uncommon trap: reason=unstable_if action=reinterpret pc=0x0000000003335b40 method=java.util.concurrent.locks.AbstractQueuedSynchronizer.findNodeFromTail(Ljava/util/concurrent/locks/AbstractQueuedSynchronizer$Node;)Z @ 7
Event: 11.798 Thread 0x0000000020036800 Uncommon trap: reason=unstable_if action=reinterpret pc=0x0000000003422b54 method=java.util.concurrent.locks.AbstractQueuedSynchronizer.isOnSyncQueue(Ljava/util/concurrent/locks/AbstractQueuedSynchronizer$Node;)Z @ 13

Internal exceptions (10 events):
Event: 0.109 Thread 0x0000000002b71000 Exception <a 'java/security/PrivilegedActionException'> (0x000000076bbabdd8) thrown at [C:\re\workspace\8-2-build-windows-amd64-cygwin\jdk8u141\9370\hotspot\src\share\vm\prims\jvm.cpp, line 1390]
Event: 0.110 Thread 0x0000000002b71000 Exception <a 'java/security/PrivilegedActionException'> (0x000000076bbafa48) thrown at [C:\re\workspace\8-2-build-windows-amd64-cygwin\jdk8u141\9370\hotspot\src\share\vm\prims\jvm.cpp, line 1390]
Event: 0.110 Thread 0x0000000002b71000 Exception <a 'java/security/PrivilegedActionException'> (0x000000076bbafc58) thrown at [C:\re\workspace\8-2-build-windows-amd64-cygwin\jdk8u141\9370\hotspot\src\share\vm\prims\jvm.cpp, line 1390]
Event: 0.116 Thread 0x0000000002b71000 Exception <a 'java/io/FileNotFoundException'> (0x000000076bbbf9d0) thrown at [C:\re\workspace\8-2-build-windows-amd64-cygwin\jdk8u141\9370\hotspot\src\share\vm\prims\jni.cpp, line 709]
Event: 0.137 Thread 0x0000000002b71000 Exception <a 'java/lang/NoSuchFieldError': method resolution failed> (0x000000076bc8ce68) thrown at [C:\re\workspace\8-2-build-windows-amd64-cygwin\jdk8u141\9370\hotspot\src\share\vm\prims\methodHandles.cpp, line 1146]
Event: 0.138 Thread 0x0000000002b71000 Exception <a 'java/lang/NoSuchFieldError': method resolution failed> (0x000000076bc9a238) thrown at [C:\re\workspace\8-2-build-windows-amd64-cygwin\jdk8u141\9370\hotspot\src\share\vm\prims\methodHandles.cpp, line 1146]
Event: 0.167 Thread 0x0000000002b71000 Exception <a 'java/io/FileNotFoundException'> (0x000000076bd77b60) thrown at [C:\re\workspace\8-2-build-windows-amd64-cygwin\jdk8u141\9370\hotspot\src\share\vm\prims\jni.cpp, line 709]
Event: 0.586 Thread 0x000000001fcee800 Implicit null exception at 0x0000000002f3ac40 to 0x0000000002f3acc1
Event: 1.039 Thread 0x000000001fdd7800 Implicit null exception at 0x0000000002f67bc2 to 0x0000000002f6a3b5
Event: 4.634 Thread 0x0000000002b71000 Implicit null exception at 0x000000000317acf0 to 0x000000000317ad4c

Events (10 events):
Event: 12.005 Thread 0x0000000022394800 Thread exited: 0x0000000022394800
Event: 12.005 Thread 0x0000000022062800 Thread exited: 0x0000000022062800
Event: 12.005 Thread 0x0000000021feb000 Thread exited: 0x0000000021feb000
Event: 12.005 Thread 0x0000000021fe5000 Thread exited: 0x0000000021fe5000
Event: 12.005 Thread 0x0000000021fea800 Thread exited: 0x0000000021fea800
Event: 12.005 Thread 0x0000000022064800 Thread exited: 0x0000000022064800
Event: 12.005 Thread 0x0000000021fe6800 Thread exited: 0x0000000021fe6800
Event: 12.005 Thread 0x0000000021fe8000 Thread exited: 0x0000000021fe8000
Event: 12.007 Thread 0x0000000021fe7800 Thread added: 0x0000000021fe7800
Event: 12.007 Thread 0x0000000021fe9800 Thread added: 0x0000000021fe9800


Dynamic libraries:
0x00007ff63aa10000 - 0x00007ff63aa47000 	C:\Program Files\Java\jre1.8.0_141\bin\javaw.exe
0x00007ffc0c580000 - 0x00007ffc0c770000 	C:\Windows\SYSTEM32\ntdll.dll
0x00007ffc0c2d0000 - 0x00007ffc0c382000 	C:\Windows\System32\KERNEL32.DLL
0x00007ffc09d50000 - 0x00007ffc09ff5000 	C:\Windows\System32\KERNELBASE.dll
0x00007ffc0b8d0000 - 0x00007ffc0b973000 	C:\Windows\System32\ADVAPI32.dll
0x00007ffc0b6f0000 - 0x00007ffc0b78e000 	C:\Windows\System32\msvcrt.dll
0x00007ffc0ad30000 - 0x00007ffc0adc7000 	C:\Windows\System32\sechost.dll
0x00007ffc0a630000 - 0x00007ffc0a750000 	C:\Windows\System32\RPCRT4.dll
0x00007ffc0b200000 - 0x00007ffc0b394000 	C:\Windows\System32\USER32.dll
0x00007ffc0a600000 - 0x00007ffc0a621000 	C:\Windows\System32\win32u.dll
0x00007ffc0aee0000 - 0x00007ffc0af06000 	C:\Windows\System32\GDI32.dll
0x00007ffc0a3b0000 - 0x00007ffc0a546000 	C:\Windows\System32\gdi32full.dll
0x00007ffc09520000 - 0x00007ffc095be000 	C:\Windows\System32\msvcp_win.dll
0x00007ffc0a2b0000 - 0x00007ffc0a3aa000 	C:\Windows\System32\ucrtbase.dll
0x00007ffbf4910000 - 0x00007ffbf4b94000 	C:\Windows\WinSxS\amd64_microsoft.windows.common-controls_6595b64144ccf1df_6.0.18362.1198_none_9e820b57e45ad92f\COMCTL32.dll
0x00007ffc0b3b0000 - 0x00007ffc0b6e5000 	C:\Windows\System32\combase.dll
0x00007ffc0a230000 - 0x00007ffc0a2b0000 	C:\Windows\System32\bcryptPrimitives.dll
0x00007ffc0aea0000 - 0x00007ffc0aece000 	C:\Windows\System32\IMM32.DLL
0x000000006d430000 - 0x000000006d502000 	C:\Program Files\Java\jre1.8.0_141\bin\msvcr100.dll
0x000000006d510000 - 0x000000006ddad000 	C:\Program Files\Java\jre1.8.0_141\bin\server\jvm.dll
0x00007ffc0aed0000 - 0x00007ffc0aed8000 	C:\Windows\System32\PSAPI.DLL
0x00007ffc02e00000 - 0x00007ffc02e09000 	C:\Windows\SYSTEM32\WSOCK32.dll
0x00007ffc09000000 - 0x00007ffc0900a000 	C:\Windows\SYSTEM32\VERSION.dll
0x00007ffc02150000 - 0x00007ffc02174000 	C:\Windows\SYSTEM32\WINMM.dll
0x00007ffc0afe0000 - 0x00007ffc0b04f000 	C:\Windows\System32\WS2_32.dll
0x00007ffc02120000 - 0x00007ffc0214d000 	C:\Windows\SYSTEM32\winmmbase.dll
0x00007ffc0a180000 - 0x00007ffc0a1ca000 	C:\Windows\System32\cfgmgr32.dll
0x000000006e3b0000 - 0x000000006e3bf000 	C:\Program Files\Java\jre1.8.0_141\bin\verify.dll
0x000000006e380000 - 0x000000006e3a9000 	C:\Program Files\Java\jre1.8.0_141\bin\java.dll
0x000000006e120000 - 0x000000006e136000 	C:\Program Files\Java\jre1.8.0_141\bin\zip.dll
0x00007ffc0ba40000 - 0x00007ffc0c127000 	C:\Windows\System32\SHELL32.dll
0x00007ffc0b050000 - 0x00007ffc0b0f9000 	C:\Windows\System32\shcore.dll
0x00007ffc095c0000 - 0x00007ffc09d41000 	C:\Windows\System32\windows.storage.dll
0x00007ffc094b0000 - 0x00007ffc094d3000 	C:\Windows\System32\profapi.dll
0x00007ffc09440000 - 0x00007ffc0948a000 	C:\Windows\System32\powrprof.dll
0x00007ffc09430000 - 0x00007ffc09440000 	C:\Windows\System32\UMPDC.dll
0x00007ffc0b100000 - 0x00007ffc0b152000 	C:\Windows\System32\shlwapi.dll
0x00007ffc09490000 - 0x00007ffc094a1000 	C:\Windows\System32\kernel.appcore.dll
0x00007ffc09500000 - 0x00007ffc09517000 	C:\Windows\System32\cryptsp.dll
0x0000000067250000 - 0x00000000673e8000 	C:\Program Files\Java\jre1.8.0_141\bin\awt.dll
0x00007ffc0af10000 - 0x00007ffc0afd5000 	C:\Windows\System32\OLEAUT32.dll
0x00007ffc036a0000 - 0x00007ffc0372f000 	C:\Windows\SYSTEM32\apphelp.dll
0x00007ffc07690000 - 0x00007ffc076bd000 	C:\Windows\system32\DWMAPI.DLL
0x00007ffc07000000 - 0x00007ffc07099000 	C:\Windows\system32\uxtheme.dll
0x00007ffbdd940000 - 0x00007ffbdda96000 	C:\Windows\system32\opengl32.dll
0x00007ffbde5f0000 - 0x00007ffbde61c000 	C:\Windows\SYSTEM32\GLU32.dll
0x00007ffc07ff0000 - 0x00007ffc08010000 	C:\Windows\SYSTEM32\dxcore.dll
0x00007ffc0b790000 - 0x00007ffc0b8c5000 	C:\Windows\System32\MSCTF.dll
0x00007ffc0abd0000 - 0x00007ffc0ad27000 	C:\Windows\System32\ole32.dll
0x00007ffbf31a0000 - 0x00007ffbf31c5000 	D:\Program Files (x86)\Youdao\Dict\8.9.3.0\WordStrokeHelper64.dll
0x000000006e050000 - 0x000000006e097000 	C:\Program Files\Java\jre1.8.0_141\bin\fontmanager.dll
0x000000006e100000 - 0x000000006e11a000 	C:\Program Files\Java\jre1.8.0_141\bin\net.dll
0x00007ffc08c00000 - 0x00007ffc08c67000 	C:\Windows\system32\mswsock.dll
0x000000006e0e0000 - 0x000000006e0f1000 	C:\Program Files\Java\jre1.8.0_141\bin\nio.dll
0x000000006d3e0000 - 0x000000006d422000 	C:\Program Files\Java\jre1.8.0_141\bin\t2k.dll
0x00007ffbde700000 - 0x00007ffbde79e000 	C:\Windows\System32\TextInputFramework.dll
0x00007ffc01190000 - 0x00007ffc014ba000 	C:\Windows\System32\CoreUIComponents.dll
0x00007ffc03420000 - 0x00007ffc034f4000 	C:\Windows\System32\CoreMessaging.dll
0x00007ffc08500000 - 0x00007ffc08531000 	C:\Windows\SYSTEM32\ntmarta.dll
0x00007ffc01a30000 - 0x00007ffc01b83000 	C:\Windows\SYSTEM32\wintypes.dll
0x00007ffbee560000 - 0x00007ffbee807000 	C:\Windows\System32\iertutil.dll
0x00007ffc0c220000 - 0x00007ffc0c2c2000 	C:\Windows\System32\clbcatq.dll
0x00007ffbc0d20000 - 0x00007ffbc0f0d000 	C:\Windows\system32\SogouTSF.ime
0x00007ffbf4ba0000 - 0x00007ffbf4ba7000 	C:\Windows\system32\MSIMG32.dll
0x00007ffbc0490000 - 0x00007ffbc0d1d000 	C:\Windows\system32\SogouPy.ime
0x00007ffbf4810000 - 0x00007ffbf4875000 	C:\Windows\SYSTEM32\OLEACC.dll
0x00007ffc00cf0000 - 0x00007ffc00de0000 	C:\Windows\SYSTEM32\WINHTTP.dll
0x00007ffbbd790000 - 0x00007ffbbd9f9000 	D:\Program Files (x86)\sogoupinyin\Components\PicFace\1.1.0.1867\PicFace64.dll
0x00007ffc0add0000 - 0x00007ffc0aea0000 	C:\Windows\System32\COMDLG32.dll
0x0000000024a60000 - 0x0000000024b7d000 	D:\Program Files (x86)\sogoupinyin\9.6.0.3568\Resource.dll
0x00007ffc02e10000 - 0x00007ffc02e28000 	D:\Program Files (x86)\sogoupinyin\Components\VoiceInput\1.0.0.163\VoiceInput64.dll
0x00007ffc00a80000 - 0x00007ffc00c2f000 	C:\Windows\SYSTEM32\WindowsCodecs.dll
0x000000006e020000 - 0x000000006e04a000 	C:\Program Files\Java\jre1.8.0_141\bin\dcpr.dll
0x00007ffbcdf50000 - 0x00007ffbcdf8a000 	C:\Windows\system32\dataexchange.dll
0x00007ffc02ed0000 - 0x00007ffc030ad000 	C:\Windows\system32\dcomp.dll
0x00007ffc02ba0000 - 0x00007ffc02dfb000 	C:\Windows\system32\d3d11.dll
0x00007ffc08080000 - 0x00007ffc0816b000 	C:\Windows\system32\dxgi.dll
0x00007ffc07400000 - 0x00007ffc07662000 	C:\Windows\system32\twinapi.appcore.dll
0x00007ffc07920000 - 0x00007ffc07949000 	C:\Windows\system32\RMCLIENT.dll
0x00007ffbf6940000 - 0x00007ffbf69e9000 	C:\Windows\WinSxS\amd64_microsoft.windows.common-controls_6595b64144ccf1df_5.82.18362.1198_none_73b37520d815d61e\comctl32.dll
0x00007ffc070a0000 - 0x00007ffc07190000 	C:\Windows\system32\propsys.dll
0x00007ffbfec10000 - 0x00007ffbfec26000 	C:\Windows\system32\NetworkExplorer.dll
0x00007ffbc9b90000 - 0x00007ffbc9bee000 	C:\Windows\System32\thumbcache.dll
0x00007ffbdfd30000 - 0x00007ffbdfd4b000 	C:\Windows\SYSTEM32\MPR.dll
0x00007ffbe0930000 - 0x00007ffbe093b000 	C:\Windows\System32\drprov.dll
0x00007ffc08640000 - 0x00007ffc08696000 	C:\Windows\System32\WINSTA.dll
0x00007ffbe0910000 - 0x00007ffbe0925000 	C:\Windows\System32\ntlanman.dll
0x00007ffbe08f0000 - 0x00007ffbe090d000 	C:\Windows\System32\davclnt.dll
0x00007ffbde630000 - 0x00007ffbde63c000 	C:\Windows\System32\DAVHLPR.dll
0x00007ffbffd10000 - 0x00007ffbffd27000 	C:\Windows\System32\wkscli.dll
0x00007ffc0a150000 - 0x00007ffc0a176000 	C:\Windows\System32\bcrypt.dll
0x00007ffbe6ff0000 - 0x00007ffbe7002000 	C:\Windows\SYSTEM32\cscapi.dll
0x00007ffc08a20000 - 0x00007ffc08a2c000 	C:\Windows\System32\netutils.dll
0x00007ffbeb810000 - 0x00007ffbeb863000 	C:\Windows\System32\dlnashext.dll
0x00007ffbeadf0000 - 0x00007ffbeae54000 	C:\Windows\System32\PlayToDevice.dll
0x00007ffc039b0000 - 0x00007ffc039d0000 	C:\Windows\System32\DevDispItemProvider.dll
0x00007ffbf8780000 - 0x00007ffbf87f2000 	C:\Windows\System32\MMDevApi.dll
0x00007ffc091c0000 - 0x00007ffc091ea000 	C:\Windows\System32\DEVOBJ.dll
0x00007ffbea4e0000 - 0x00007ffbea57b000 	C:\Windows\system32\wpdshext.dll
0x00007ffbf4bb0000 - 0x00007ffbf4d53000 	C:\Windows\WinSxS\amd64_microsoft.windows.gdiplus_6595b64144ccf1df_1.1.18362.1198_none_cf6cfe3d3eed52fd\gdiplus.dll
0x00007ffbfffd0000 - 0x00007ffc0073c000 	C:\Windows\System32\OneCoreUAPCommonProxyStub.dll
0x00007ffbfd760000 - 0x00007ffbfd7fe000 	C:\Windows\System32\PortableDeviceApi.dll
0x00007ffc0a750000 - 0x00007ffc0abc0000 	C:\Windows\System32\SETUPAPI.dll
0x00007ffc0a1d0000 - 0x00007ffc0a22c000 	C:\Windows\System32\WINTRUST.dll
0x00007ffc094e0000 - 0x00007ffc094f2000 	C:\Windows\System32\MSASN1.dll
0x00007ffc0a000000 - 0x00007ffc0a149000 	C:\Windows\System32\CRYPT32.dll
0x00007ffbf3440000 - 0x00007ffbf3477000 	C:\Windows\System32\EhStorShell.dll
0x00007ffbf44d0000 - 0x00007ffbf44f5000 	C:\Windows\System32\EhStorAPI.dll
0x00007ffc03840000 - 0x00007ffc03853000 	C:\Windows\System32\WTSAPI32.dll
0x00007ffbf2df0000 - 0x00007ffbf2dfd000 	C:\Windows\SYSTEM32\LINKINFO.dll
0x00007ffbf2410000 - 0x00007ffbf241c000 	C:\Windows\SYSTEM32\Secur32.dll
0x00007ffc09310000 - 0x00007ffc09347000 	C:\Windows\SYSTEM32\SSPICLI.DLL
0x00007ffbeef90000 - 0x00007ffbeeff4000 	C:\Program Files (x86)\360\360Safe\safemon\360UDiskGuard64.dll
0x00007ffbdd1e0000 - 0x00007ffbdd41e000 	C:\PROGRA~1\MICROS~2\Office15\GROOVEEX.DLL
0x000000006e6c0000 - 0x000000006e758000 	C:\Windows\SYSTEM32\MSVCP100.dll
0x000000006e760000 - 0x000000006e78b000 	C:\Windows\SYSTEM32\ATL100.DLL
0x00007ffbf2530000 - 0x00007ffbf299e000 	C:\Windows\SYSTEM32\msi.dll
0x000000002af50000 - 0x000000002b7ad000 	C:\PROGRA~1\MICROS~2\Office15\2052\GrooveIntlResource.dll
0x00007ffbeae60000 - 0x00007ffbeaf72000 	C:\Windows\System32\MrmCoreR.dll
0x00007ffbf2e00000 - 0x00007ffbf2e09000 	C:\Windows\system32\IconCodecService.dll
0x00007ffbd5710000 - 0x00007ffbd57a9000 	C:\Windows\system32\RICHED20.DLL
0x00007ffbea5e0000 - 0x00007ffbea619000 	C:\Windows\SYSTEM32\msls31.dll
0x00007ffbff510000 - 0x00007ffbff529000 	C:\Windows\SYSTEM32\USP10.dll
0x000000006e010000 - 0x000000006e01d000 	C:\Program Files\Java\jre1.8.0_141\bin\management.dll

VM Arguments:
jvm_args: -Dfile.encoding=UTF-8 
java_command: com.HIT.weisongzhao.SACD_BornWolf
java_class_path (initial): D:\PHD\PANELJ\SACD\target\classes;C:\Users\zhaow\.m2\repository\net\imagej\ij\1.52b\ij-1.52b.jar;C:\Users\zhaow\.m2\repository\pl\edu\icm\JLargeArrays\1.5\JLargeArrays-1.5.jar;C:\Users\zhaow\.m2\repository\org\apache\commons\commons-math3\3.6.1\commons-math3-3.6.1.jar
Launcher Type: SUN_STANDARD

Environment Variables:
JAVA_HOME=C:\Program Files\Java\jdk1.8.0_141
CLASSPATH=.;C:\Program Files\Java\jdk1.8.0_141\lib
PATH=C:/Program Files/Java/jre1.8.0_141/bin/server;C:/Program Files/Java/jre1.8.0_141/bin;C:/Program Files/Java/jre1.8.0_141/lib/amd64;C:\ProgramData\Oracle\Java\javapath;C:\Windows\system32;C:\Windows;C:\Windows\System32\Wbem;C:\Windows\System32\WindowsPowerShell\v1.0\;C:\Windows\System32\OpenSSH\;C:\Program Files\NVIDIA Corporation\NVIDIA NvDLISR;D:\Program Files (x86)\Git\cmd;C:\Program Files\Java\jdk1.8.0_141\bin;D:\Matlab 2017b\runtime\win64;D:\Matlab 2017b\bin;C:\Users\zhaow\AppData\Local\Microsoft\WindowsApps;;C:\Windows\system32;
USERNAME=zhaow
OS=Windows_NT
PROCESSOR_IDENTIFIER=Intel64 Family 6 Model 166 Stepping 0, GenuineIntel



---------------  S Y S T E M  ---------------

OS: Windows 10.0 , 64 bit Build 18362 (10.0.18362.1110)

CPU:total 12 (initial active 12) (6 cores per cpu, 2 threads per core) family 6 model 166 stepping 0, cmov, cx8, fxsr, mmx, sse, sse2, sse3, ssse3, sse4.1, sse4.2, popcnt, avx, avx2, aes, clmul, erms, 3dnowpref, lzcnt, ht, tsc, tscinvbit, bmi1, bmi2, adx

Memory: 4k page, physical 16603188k(601660k free), swap 29710384k(6824k free)

vm_info: Java HotSpot(TM) 64-Bit Server VM (25.141-b15) for windows-amd64 JRE (1.8.0_141-b15), built on Jul 12 2017 04:25:12 by "java_re" with MS VC++ 10.0 (VS2010)

time: Fri Jan 01 00:12:05 2021
elapsed time: 12 seconds (0d 0h 0m 12s)

