#
# There is insufficient memory for the Java Runtime Environment to continue.
# Native memory allocation (malloc) failed to allocate 1403536 bytes for Chunk::new
# Possible reasons:
#   The system is out of physical RAM or swap space
#   In 32 bit mode, the process size limit was hit
# Possible solutions:
#   Reduce memory load on the system
#   Increase physical memory or swap space
#   Check if swap backing store is full
#   Use 64 bit Java on a 64 bit OS
#   Decrease Java heap size (-Xmx/-Xms)
#   Decrease number of Java threads
#   Decrease Java thread stack sizes (-Xss)
#   Set larger code cache with -XX:ReservedCodeCacheSize=
# This output file may be truncated or incomplete.
#
#  Out of Memory Error (allocation.cpp:390), pid=14448, tid=0x0000000000009e40
#
# JRE version: Java(TM) SE Runtime Environment (8.0_141-b15) (build 1.8.0_141-b15)
# Java VM: Java HotSpot(TM) 64-Bit Server VM (25.141-b15 mixed mode windows-amd64 compressed oops)
# Failed to write core dump. Minidumps are not enabled by default on client versions of Windows
#

---------------  T H R E A D  ---------------

Current thread (0x000000001ddb8000):  JavaThread "C2 CompilerThread0" daemon [_thread_in_native, id=40512, stack(0x000000001f370000,0x000000001f470000)]

Stack: [0x000000001f370000,0x000000001f470000]
[error occurred during error reporting (printing stack bounds), id 0xc0000005]

Native frames: (J=compiled Java code, j=interpreted, Vv=VM code, C=native code)


Current CompileTask:
C2:  14086 2572       4       javax.swing.RepaintManager::addDirtyRegion (37 bytes)


---------------  P R O C E S S  ---------------

Java Threads: ( => current thread )
  0x000000001dffe000 JavaThread "pool-1226-thread-1" [_thread_in_vm, id=20768, stack(0x0000000021990000,0x0000000021a90000)]
  0x000000001e001800 JavaThread "Timer-9" [_thread_blocked, id=5756, stack(0x0000000020d30000,0x0000000020e30000)]
  0x000000001e005800 JavaThread "pool-1090-thread-1" [_thread_blocked, id=61808, stack(0x0000000021530000,0x0000000021630000)]
  0x000000001dfff800 JavaThread "pool-954-thread-1" [_thread_blocked, id=61328, stack(0x0000000021330000,0x0000000021430000)]
  0x000000001e001000 JavaThread "pool-818-thread-1" [_thread_blocked, id=40348, stack(0x0000000021230000,0x0000000021330000)]
  0x000000001e004800 JavaThread "pool-682-thread-1" [_thread_blocked, id=9012, stack(0x0000000021130000,0x0000000021230000)]
  0x000000001e004000 JavaThread "pool-546-thread-1" [_thread_blocked, id=71552, stack(0x0000000021030000,0x0000000021130000)]
  0x000000001e003000 JavaThread "pool-410-thread-1" [_thread_blocked, id=36880, stack(0x0000000020f30000,0x0000000021030000)]
  0x000000001e002800 JavaThread "pool-274-thread-1" [_thread_blocked, id=49184, stack(0x0000000020e30000,0x0000000020f30000)]
  0x000000001e000000 JavaThread "zSelector" [_thread_blocked, id=68460, stack(0x0000000020c30000,0x0000000020d30000)]
  0x000000001df9a800 JavaThread "pool-2-thread-1" [_thread_blocked, id=22788, stack(0x0000000020b30000,0x0000000020c30000)]
  0x0000000021f7c800 JavaThread "zSelector" [_thread_blocked, id=7244, stack(0x00000000208f0000,0x00000000209f0000)]
  0x0000000022180000 JavaThread "TimerQueue" daemon [_thread_blocked, id=65240, stack(0x000000002a740000,0x000000002a840000)]
  0x0000000022489000 JavaThread "Swing-Shell" daemon [_thread_blocked, id=70488, stack(0x0000000029b20000,0x0000000029c20000)]
  0x000000001fbfc800 JavaThread "AWT-EventQueue-0" [_thread_blocked, id=588, stack(0x0000000021690000,0x0000000021790000)]
  0x000000001fb4c000 JavaThread "AWT-Windows" daemon [_thread_in_native, id=61368, stack(0x00000000204e0000,0x00000000205e0000)]
  0x000000001fb46000 JavaThread "AWT-Shutdown" [_thread_blocked, id=68588, stack(0x00000000203e0000,0x00000000204e0000)]
  0x000000001fb45800 JavaThread "Java2D Disposer" daemon [_thread_blocked, id=77484, stack(0x0000000020220000,0x0000000020320000)]
  0x000000001dea3800 JavaThread "Service Thread" daemon [_thread_blocked, id=74452, stack(0x000000001f770000,0x000000001f870000)]
  0x000000001de21000 JavaThread "C1 CompilerThread3" daemon [_thread_blocked, id=57116, stack(0x000000001f670000,0x000000001f770000)]
  0x000000001de20000 JavaThread "C2 CompilerThread2" daemon [_thread_blocked, id=19292, stack(0x000000001f570000,0x000000001f670000)]
  0x000000001ddba000 JavaThread "C2 CompilerThread1" daemon [_thread_in_native, id=68968, stack(0x000000001f470000,0x000000001f570000)]
=>0x000000001ddb8000 JavaThread "C2 CompilerThread0" daemon [_thread_in_native, id=40512, stack(0x000000001f370000,0x000000001f470000)]
  0x000000001ddb4800 JavaThread "Attach Listener" daemon [_thread_blocked, id=23348, stack(0x000000001f270000,0x000000001f370000)]
  0x000000001de0e000 JavaThread "Signal Dispatcher" daemon [_thread_blocked, id=19248, stack(0x000000001f170000,0x000000001f270000)]
  0x000000001dda3000 JavaThread "Finalizer" daemon [_thread_blocked, id=75432, stack(0x000000001f010000,0x000000001f110000)]
  0x000000001c6ac800 JavaThread "Reference Handler" daemon [_thread_blocked, id=76620, stack(0x000000001ef10000,0x000000001f010000)]
  0x0000000002a21000 JavaThread "main" [_thread_blocked, id=68360, stack(0x0000000002920000,0x0000000002a20000)]

Other Threads:
  0x000000001c6a6800 VMThread [stack: 0x000000001ee10000,0x000000001ef10000] [id=30468]
  0x000000001df06800 WatcherThread [stack: 0x000000001f870000,0x000000001f970000] [id=76060]

VM state:not at safepoint (normal execution)

VM Mutex/Monitor currently owned by a thread: None

Heap:
 PSYoungGen      total 541184K, used 336084K [0x000000076b900000, 0x0000000797180000, 0x00000007c0000000)
  eden space 520192K, 62% used [0x000000076b900000,0x000000077f565060,0x000000078b500000)
  from space 20992K, 57% used [0x000000078b500000,0x000000078c0d02e0,0x000000078c980000)
  to   space 18432K, 0% used [0x0000000795f80000,0x0000000795f80000,0x0000000797180000)
 ParOldGen       total 173568K, used 121234K [0x00000006c2a00000, 0x00000006cd380000, 0x000000076b900000)
  object space 173568K, 69% used [0x00000006c2a00000,0x00000006ca064988,0x00000006cd380000)
 Metaspace       used 18414K, capacity 18696K, committed 19072K, reserved 1067008K
  class space    used 2267K, capacity 2341K, committed 2432K, reserved 1048576K

Card table byte_map: [0x0000000011ee0000,0x00000000126d0000] byte_map_base: 0x000000000e8cb000

Marking Bits: (ParMarkBitMap*) 0x000000005141d850
 Begin Bits: [0x0000000013620000, 0x0000000017578000)
 End Bits:   [0x0000000017578000, 0x000000001b4d0000)

Polling page: 0x0000000000cd0000

CodeCache: size=245760Kb used=7813Kb max_used=7825Kb free=237946Kb
 bounds [0x0000000002b20000, 0x00000000032d0000, 0x0000000011b20000]
 total_blobs=2869 nmethods=2323 adapters=457
 compilation: enabled

Compilation events (10 events):
Event: 13.969 Thread 0x000000001de21000 nmethod 2591 0x00000000032b9310 code [0x00000000032b9540, 0x00000000032ba158]
Event: 13.990 Thread 0x000000001de20000 nmethod 2574% 0x00000000032b1b50 code [0x00000000032b1f20, 0x00000000032b3e00]
Event: 13.991 Thread 0x000000001de20000 2586   !   4       javax.swing.UIManager::maybeInitialize (36 bytes)
Event: 13.992 Thread 0x000000001de20000 nmethod 2586 0x00000000032b1390 code [0x00000000032b1500, 0x00000000032b18c8]
Event: 14.039 Thread 0x000000001de20000 2592       4       sun.util.locale.provider.JRELocaleProviderAdapter::getLocaleResources (51 bytes)
Event: 14.043 Thread 0x000000001de20000 nmethod 2592 0x00000000032b6910 code [0x00000000032b6aa0, 0x00000000032b6fc8]
Event: 14.072 Thread 0x000000001de20000 2593       4       java.util.regex.Pattern$5::isSatisfiedBy (28 bytes)
Event: 14.074 Thread 0x000000001de20000 nmethod 2593 0x00000000032ce850 code [0x00000000032ce9c0, 0x00000000032ceb68]
Event: 14.074 Thread 0x000000001de20000 2594       4       java.lang.StringBuilder::append (6 bytes)
Event: 14.078 Thread 0x000000001de20000 nmethod 2594 0x00000000032cee50 code [0x00000000032cefc0, 0x00000000032cf408]

GC Heap History (10 events):
Event: 13.682 GC heap before
{Heap before GC invocations=21 (full 0):
 PSYoungGen      total 540672K, used 529888K [0x000000076b900000, 0x000000078de00000, 0x00000007c0000000)
  eden space 520192K, 100% used [0x000000076b900000,0x000000078b500000,0x000000078b500000)
  from space 20480K, 47% used [0x000000078ca00000,0x000000078d378240,0x000000078de00000)
  to   space 20992K, 0% used [0x000000078b500000,0x000000078b500000,0x000000078c980000)
 ParOldGen       total 173568K, used 93472K [0x00000006c2a00000, 0x00000006cd380000, 0x000000076b900000)
  object space 173568K, 53% used [0x00000006c2a00000,0x00000006c8548308,0x00000006cd380000)
 Metaspace       used 18362K, capacity 18632K, committed 18816K, reserved 1064960K
  class space    used 2267K, capacity 2341K, committed 2432K, reserved 1048576K
Event: 13.684 GC heap after
Heap after GC invocations=21 (full 0):
 PSYoungGen      total 541184K, used 6272K [0x000000076b900000, 0x000000078de00000, 0x00000007c0000000)
  eden space 520192K, 0% used [0x000000076b900000,0x000000076b900000,0x000000078b500000)
  from space 20992K, 29% used [0x000000078b500000,0x000000078bb20170,0x000000078c980000)
  to   space 20480K, 0% used [0x000000078ca00000,0x000000078ca00000,0x000000078de00000)
 ParOldGen       total 173568K, used 101609K [0x00000006c2a00000, 0x00000006cd380000, 0x000000076b900000)
  object space 173568K, 58% used [0x00000006c2a00000,0x00000006c8d3a4e8,0x00000006cd380000)
 Metaspace       used 18362K, capacity 18632K, committed 18816K, reserved 1064960K
  class space    used 2267K, capacity 2341K, committed 2432K, reserved 1048576K
}
Event: 13.773 GC heap before
{Heap before GC invocations=22 (full 0):
 PSYoungGen      total 541184K, used 526365K [0x000000076b900000, 0x000000078de00000, 0x00000007c0000000)
  eden space 520192K, 99% used [0x000000076b900000,0x000000078b4e73c0,0x000000078b500000)
  from space 20992K, 29% used [0x000000078b500000,0x000000078bb20170,0x000000078c980000)
  to   space 20480K, 0% used [0x000000078ca00000,0x000000078ca00000,0x000000078de00000)
 ParOldGen       total 173568K, used 101609K [0x00000006c2a00000, 0x00000006cd380000, 0x000000076b900000)
  object space 173568K, 58% used [0x00000006c2a00000,0x00000006c8d3a4e8,0x00000006cd380000)
 Metaspace       used 18393K, capacity 18696K, committed 19072K, reserved 1067008K
  class space    used 2267K, capacity 2341K, committed 2432K, reserved 1048576K
Event: 13.775 GC heap after
Heap after GC invocations=22 (full 0):
 PSYoungGen      total 540672K, used 10432K [0x000000076b900000, 0x000000078de00000, 0x00000007c0000000)
  eden space 520192K, 0% used [0x000000076b900000,0x000000076b900000,0x000000078b500000)
  from space 20480K, 50% used [0x000000078ca00000,0x000000078d430260,0x000000078de00000)
  to   space 20992K, 0% used [0x000000078b500000,0x000000078b500000,0x000000078c980000)
 ParOldGen       total 173568K, used 105257K [0x00000006c2a00000, 0x00000006cd380000, 0x000000076b900000)
  object space 173568K, 60% used [0x00000006c2a00000,0x00000006c90ca5c8,0x00000006cd380000)
 Metaspace       used 18393K, capacity 18696K, committed 19072K, reserved 1067008K
  class space    used 2267K, capacity 2341K, committed 2432K, reserved 1048576K
}
Event: 13.844 GC heap before
{Heap before GC invocations=23 (full 0):
 PSYoungGen      total 540672K, used 530624K [0x000000076b900000, 0x000000078de00000, 0x00000007c0000000)
  eden space 520192K, 100% used [0x000000076b900000,0x000000078b500000,0x000000078b500000)
  from space 20480K, 50% used [0x000000078ca00000,0x000000078d430260,0x000000078de00000)
  to   space 20992K, 0% used [0x000000078b500000,0x000000078b500000,0x000000078c980000)
 ParOldGen       total 173568K, used 105257K [0x00000006c2a00000, 0x00000006cd380000, 0x000000076b900000)
  object space 173568K, 60% used [0x00000006c2a00000,0x00000006c90ca5c8,0x00000006cd380000)
 Metaspace       used 18404K, capacity 18696K, committed 19072K, reserved 1067008K
  class space    used 2267K, capacity 2341K, committed 2432K, reserved 1048576K
Event: 13.847 GC heap after
Heap after GC invocations=23 (full 0):
 PSYoungGen      total 541184K, used 7808K [0x000000076b900000, 0x000000078de00000, 0x00000007c0000000)
  eden space 520192K, 0% used [0x000000076b900000,0x000000076b900000,0x000000078b500000)
  from space 20992K, 37% used [0x000000078b500000,0x000000078bca01d0,0x000000078c980000)
  to   space 20480K, 0% used [0x000000078ca00000,0x000000078ca00000,0x000000078de00000)
 ParOldGen       total 173568K, used 114417K [0x00000006c2a00000, 0x00000006cd380000, 0x000000076b900000)
  object space 173568K, 65% used [0x00000006c2a00000,0x00000006c99bc7e8,0x00000006cd380000)
 Metaspace       used 18404K, capacity 18696K, committed 19072K, reserved 1067008K
  class space    used 2267K, capacity 2341K, committed 2432K, reserved 1048576K
}
Event: 13.932 GC heap before
{Heap before GC invocations=24 (full 0):
 PSYoungGen      total 541184K, used 528000K [0x000000076b900000, 0x000000078de00000, 0x00000007c0000000)
  eden space 520192K, 100% used [0x000000076b900000,0x000000078b500000,0x000000078b500000)
  from space 20992K, 37% used [0x000000078b500000,0x000000078bca01d0,0x000000078c980000)
  to   space 20480K, 0% used [0x000000078ca00000,0x000000078ca00000,0x000000078de00000)
 ParOldGen       total 173568K, used 114417K [0x00000006c2a00000, 0x00000006cd380000, 0x000000076b900000)
  object space 173568K, 65% used [0x00000006c2a00000,0x00000006c99bc7e8,0x00000006cd380000)
 Metaspace       used 18404K, capacity 18696K, committed 19072K, reserved 1067008K
  class space    used 2267K, capacity 2341K, committed 2432K, reserved 1048576K
Event: 13.934 GC heap after
Heap after GC invocations=24 (full 0):
 PSYoungGen      total 540672K, used 8576K [0x000000076b900000, 0x000000078de00000, 0x00000007c0000000)
  eden space 520192K, 0% used [0x000000076b900000,0x000000076b900000,0x000000078b500000)
  from space 20480K, 41% used [0x000000078ca00000,0x000000078d260200,0x000000078de00000)
  to   space 20992K, 0% used [0x000000078b500000,0x000000078b500000,0x000000078c980000)
 ParOldGen       total 173568K, used 117314K [0x00000006c2a00000, 0x00000006cd380000, 0x000000076b900000)
  object space 173568K, 67% used [0x00000006c2a00000,0x00000006c9c90898,0x00000006cd380000)
 Metaspace       used 18404K, capacity 18696K, committed 19072K, reserved 1067008K
  class space    used 2267K, capacity 2341K, committed 2432K, reserved 1048576K
}
Event: 14.034 GC heap before
{Heap before GC invocations=25 (full 0):
 PSYoungGen      total 540672K, used 528768K [0x000000076b900000, 0x000000078de00000, 0x00000007c0000000)
  eden space 520192K, 100% used [0x000000076b900000,0x000000078b500000,0x000000078b500000)
  from space 20480K, 41% used [0x000000078ca00000,0x000000078d260200,0x000000078de00000)
  to   space 20992K, 0% used [0x000000078b500000,0x000000078b500000,0x000000078c980000)
 ParOldGen       total 173568K, used 117314K [0x00000006c2a00000, 0x00000006cd380000, 0x000000076b900000)
  object space 173568K, 67% used [0x00000006c2a00000,0x00000006c9c90898,0x00000006cd380000)
 Metaspace       used 18414K, capacity 18696K, committed 19072K, reserved 1067008K
  class space    used 2267K, capacity 2341K, committed 2432K, reserved 1048576K
Event: 14.037 GC heap after
Heap after GC invocations=25 (full 0):
 PSYoungGen      total 541184K, used 12096K [0x000000076b900000, 0x0000000797180000, 0x00000007c0000000)
  eden space 520192K, 0% used [0x000000076b900000,0x000000076b900000,0x000000078b500000)
  from space 20992K, 57% used [0x000000078b500000,0x000000078c0d02e0,0x000000078c980000)
  to   space 18432K, 0% used [0x0000000795f80000,0x0000000795f80000,0x0000000797180000)
 ParOldGen       total 173568K, used 121234K [0x00000006c2a00000, 0x00000006cd380000, 0x000000076b900000)
  object space 173568K, 69% used [0x00000006c2a00000,0x00000006ca064988,0x00000006cd380000)
 Metaspace       used 18414K, capacity 18696K, committed 19072K, reserved 1067008K
  class space    used 2267K, capacity 2341K, committed 2432K, reserved 1048576K
}

Deoptimization events (10 events):
Event: 12.370 Thread 0x000000001fbfc800 Uncommon trap: reason=unstable_if action=reinterpret pc=0x00000000031ac954 method=ij.process.FloatProcessor.create8BitImage()[B @ 54
Event: 12.423 Thread 0x000000001fbfc800 Uncommon trap: reason=unstable_if action=reinterpret pc=0x000000000320486c method=ij.process.FloatProcessor.create8BitImage()[B @ 71
Event: 12.430 Thread 0x0000000002a21000 Uncommon trap: reason=unstable_if action=reinterpret pc=0x00000000031acf58 method=signalSACD.RealSignal.normalize(D)LsignalSACD/RealSignal; @ 54
Event: 12.433 Thread 0x0000000002a21000 Uncommon trap: reason=unstable_if action=reinterpret pc=0x00000000031ad690 method=signalSACD.RealSignal.circular()LsignalSACD/RealSignal; @ 45
Event: 12.435 Thread 0x000000001e002800 Uncommon trap: reason=bimorphic action=maybe_recompile pc=0x0000000003197848 method=java.util.concurrent.ThreadPoolExecutor.runWorker(Ljava/util/concurrent/ThreadPoolExecutor$Worker;)V @ 95
Event: 12.628 Thread 0x0000000002a21000 Uncommon trap: reason=unstable_if action=reinterpret pc=0x0000000003203e78 method=ij.process.FloatProcessor.findMinAndMax()V @ 32
Event: 12.638 Thread 0x000000001e003000 Uncommon trap: reason=bimorphic action=maybe_recompile pc=0x0000000003197848 method=java.util.concurrent.ThreadPoolExecutor.runWorker(Ljava/util/concurrent/ThreadPoolExecutor$Worker;)V @ 95
Event: 12.833 Thread 0x000000001fbfc800 Uncommon trap: reason=unstable_if action=reinterpret pc=0x00000000032500e8 method=ij.process.FloatProcessor.create8BitImage()[B @ 89
Event: 12.843 Thread 0x000000001e004000 Uncommon trap: reason=bimorphic action=maybe_recompile pc=0x0000000003197848 method=java.util.concurrent.ThreadPoolExecutor.runWorker(Ljava/util/concurrent/ThreadPoolExecutor$Worker;)V @ 95
Event: 13.185 Thread 0x000000001fbfc800 Uncommon trap: reason=unstable_if action=reinterpret pc=0x0000000003224e30 method=ij.process.FloatProcessor.create8BitImage()[B @ 89

Internal exceptions (10 events):
Event: 0.109 Thread 0x0000000002a21000 Exception <a 'java/security/PrivilegedActionException'> (0x000000076bbac158) thrown at [C:\re\workspace\8-2-build-windows-amd64-cygwin\jdk8u141\9370\hotspot\src\share\vm\prims\jvm.cpp, line 1390]
Event: 0.109 Thread 0x0000000002a21000 Exception <a 'java/security/PrivilegedActionException'> (0x000000076bbac368) thrown at [C:\re\workspace\8-2-build-windows-amd64-cygwin\jdk8u141\9370\hotspot\src\share\vm\prims\jvm.cpp, line 1390]
Event: 0.116 Thread 0x0000000002a21000 Exception <a 'java/io/FileNotFoundException'> (0x000000076bbbc0e0) thrown at [C:\re\workspace\8-2-build-windows-amd64-cygwin\jdk8u141\9370\hotspot\src\share\vm\prims\jni.cpp, line 709]
Event: 0.136 Thread 0x0000000002a21000 Exception <a 'java/lang/NoSuchFieldError': method resolution failed> (0x000000076bc89578) thrown at [C:\re\workspace\8-2-build-windows-amd64-cygwin\jdk8u141\9370\hotspot\src\share\vm\prims\methodHandles.cpp, line 1146]
Event: 0.137 Thread 0x0000000002a21000 Exception <a 'java/lang/NoSuchFieldError': method resolution failed> (0x000000076bc96948) thrown at [C:\re\workspace\8-2-build-windows-amd64-cygwin\jdk8u141\9370\hotspot\src\share\vm\prims\methodHandles.cpp, line 1146]
Event: 0.166 Thread 0x0000000002a21000 Exception <a 'java/io/FileNotFoundException'> (0x000000076bd740d0) thrown at [C:\re\workspace\8-2-build-windows-amd64-cygwin\jdk8u141\9370\hotspot\src\share\vm\prims\jni.cpp, line 709]
Event: 0.598 Thread 0x000000001fb4c000 Implicit null exception at 0x0000000002de0640 to 0x0000000002de06c1
Event: 1.134 Thread 0x000000001fbfc800 Implicit null exception at 0x0000000002e16696 to 0x0000000002e18e79
Event: 4.647 Thread 0x0000000002a21000 Implicit null exception at 0x0000000002ff92b0 to 0x0000000002ff930c
Event: 12.372 Thread 0x000000001fbfc800 Exception <a 'sun/java2d/InvalidPipeException': bounds changed> (0x000000076e3583e8) thrown at [C:\re\workspace\8-2-build-windows-amd64-cygwin\jdk8u141\9370\hotspot\src\share\vm\prims\jni.cpp, line 735]

Events (10 events):
Event: 14.084 Thread 0x000000001e007000 Thread exited: 0x000000001e007000
Event: 14.084 Thread 0x000000001e00a000 Thread exited: 0x000000001e00a000
Event: 14.084 Thread 0x000000001e00b000 Thread exited: 0x000000001e00b000
Event: 14.084 Thread 0x000000001dffe800 Thread exited: 0x000000001dffe800
Event: 14.084 Thread 0x000000001e007800 Thread exited: 0x000000001e007800
Event: 14.084 Thread 0x000000001e00d000 Thread exited: 0x000000001e00d000
Event: 14.084 Thread 0x000000001e00b800 Thread exited: 0x000000001e00b800
Event: 14.084 Thread 0x000000001e008800 Thread exited: 0x000000001e008800
Event: 14.084 Thread 0x000000001e009800 Thread exited: 0x000000001e009800
Event: 14.084 Thread 0x000000002ca92000 Thread exited: 0x000000002ca92000


Dynamic libraries:
0x00007ff6aac90000 - 0x00007ff6aacc7000 	C:\Program Files\Java\jre1.8.0_141\bin\javaw.exe
0x00007ffaf3c60000 - 0x00007ffaf3e50000 	C:\Windows\SYSTEM32\ntdll.dll
0x00007ffaf28f0000 - 0x00007ffaf29a2000 	C:\Windows\System32\KERNEL32.DLL
0x00007ffaf1560000 - 0x00007ffaf1805000 	C:\Windows\System32\KERNELBASE.dll
0x00007ffaf2e70000 - 0x00007ffaf2f13000 	C:\Windows\System32\ADVAPI32.dll
0x00007ffaf2cb0000 - 0x00007ffaf2d4e000 	C:\Windows\System32\msvcrt.dll
0x00007ffaf38e0000 - 0x00007ffaf3977000 	C:\Windows\System32\sechost.dll
0x00007ffaf3500000 - 0x00007ffaf3620000 	C:\Windows\System32\RPCRT4.dll
0x00007ffaf2af0000 - 0x00007ffaf2c84000 	C:\Windows\System32\USER32.dll
0x00007ffaf1a90000 - 0x00007ffaf1ab1000 	C:\Windows\System32\win32u.dll
0x00007ffaf39e0000 - 0x00007ffaf3a06000 	C:\Windows\System32\GDI32.dll
0x00007ffaf1ac0000 - 0x00007ffaf1c56000 	C:\Windows\System32\gdi32full.dll
0x00007ffaf0bf0000 - 0x00007ffaf0c8e000 	C:\Windows\System32\msvcp_win.dll
0x00007ffaf18f0000 - 0x00007ffaf19ea000 	C:\Windows\System32\ucrtbase.dll
0x00007ffadbfb0000 - 0x00007ffadc234000 	C:\Windows\WinSxS\amd64_microsoft.windows.common-controls_6595b64144ccf1df_6.0.18362.1139_none_9e7bf2d3e4605ac6\COMCTL32.dll
0x00007ffaf3150000 - 0x00007ffaf3485000 	C:\Windows\System32\combase.dll
0x00007ffaf1a10000 - 0x00007ffaf1a90000 	C:\Windows\System32\bcryptPrimitives.dll
0x00007ffaf3760000 - 0x00007ffaf378e000 	C:\Windows\System32\IMM32.DLL
0x00000000500b0000 - 0x0000000050182000 	C:\Program Files\Java\jre1.8.0_141\bin\msvcr100.dll
0x0000000050c00000 - 0x000000005149d000 	C:\Program Files\Java\jre1.8.0_141\bin\server\jvm.dll
0x00007ffaf34f0000 - 0x00007ffaf34f8000 	C:\Windows\System32\PSAPI.DLL
0x00007ffaea9b0000 - 0x00007ffaea9d4000 	C:\Windows\SYSTEM32\WINMM.dll
0x00007ffaf06f0000 - 0x00007ffaf06fa000 	C:\Windows\SYSTEM32\VERSION.dll
0x00007ffae8d20000 - 0x00007ffae8d29000 	C:\Windows\SYSTEM32\WSOCK32.dll
0x00007ffaf36f0000 - 0x00007ffaf375f000 	C:\Windows\System32\WS2_32.dll
0x00007ffaea980000 - 0x00007ffaea9ad000 	C:\Windows\SYSTEM32\winmmbase.dll
0x00007ffaf18a0000 - 0x00007ffaf18ea000 	C:\Windows\System32\cfgmgr32.dll
0x00000000520e0000 - 0x00000000520ef000 	C:\Program Files\Java\jre1.8.0_141\bin\verify.dll
0x00000000520b0000 - 0x00000000520d9000 	C:\Program Files\Java\jre1.8.0_141\bin\java.dll
0x0000000052090000 - 0x00000000520a6000 	C:\Program Files\Java\jre1.8.0_141\bin\zip.dll
0x00007ffaf1d10000 - 0x00007ffaf23f7000 	C:\Windows\System32\SHELL32.dll
0x00007ffaf2db0000 - 0x00007ffaf2e59000 	C:\Windows\System32\shcore.dll
0x00007ffaf0c90000 - 0x00007ffaf1410000 	C:\Windows\System32\windows.storage.dll
0x00007ffaf0b50000 - 0x00007ffaf0b73000 	C:\Windows\System32\profapi.dll
0x00007ffaf0ba0000 - 0x00007ffaf0bea000 	C:\Windows\System32\powrprof.dll
0x00007ffaf0b20000 - 0x00007ffaf0b30000 	C:\Windows\System32\UMPDC.dll
0x00007ffaf2d50000 - 0x00007ffaf2da2000 	C:\Windows\System32\shlwapi.dll
0x00007ffaf0b30000 - 0x00007ffaf0b41000 	C:\Windows\System32\kernel.appcore.dll
0x00007ffaf19f0000 - 0x00007ffaf1a07000 	C:\Windows\System32\cryptsp.dll
0x00000000775c0000 - 0x0000000077758000 	C:\Program Files\Java\jre1.8.0_141\bin\awt.dll
0x00007ffaf3620000 - 0x00007ffaf36e5000 	C:\Windows\System32\OLEAUT32.dll
0x00007ffaeac30000 - 0x00007ffaeacbf000 	C:\Windows\SYSTEM32\apphelp.dll
0x00007ffaeeae0000 - 0x00007ffaeeb0d000 	C:\Windows\system32\DWMAPI.DLL
0x00007ffaee3f0000 - 0x00007ffaee489000 	C:\Windows\system32\uxtheme.dll
0x00007ffac6c20000 - 0x00007ffac6d76000 	C:\Windows\system32\opengl32.dll
0x00007ffac7770000 - 0x00007ffac779c000 	C:\Windows\SYSTEM32\GLU32.dll
0x00007ffaef6f0000 - 0x00007ffaef710000 	C:\Windows\SYSTEM32\dxcore.dll
0x00007ffaf29b0000 - 0x00007ffaf2ae5000 	C:\Windows\System32\MSCTF.dll
0x00007ffaf3ac0000 - 0x00007ffaf3c17000 	C:\Windows\System32\ole32.dll
0x00007ffad23f0000 - 0x00007ffad2415000 	D:\Program Files (x86)\Youdao\Dict\8.9.3.0\WordStrokeHelper64.dll
0x0000000050060000 - 0x00000000500a7000 	C:\Program Files\Java\jre1.8.0_141\bin\fontmanager.dll
0x0000000050be0000 - 0x0000000050bfa000 	C:\Program Files\Java\jre1.8.0_141\bin\net.dll
0x00007ffaf02f0000 - 0x00007ffaf0357000 	C:\Windows\system32\mswsock.dll
0x0000000050bc0000 - 0x0000000050bd1000 	C:\Program Files\Java\jre1.8.0_141\bin\nio.dll
0x0000000050010000 - 0x0000000050052000 	C:\Program Files\Java\jre1.8.0_141\bin\t2k.dll
0x00007ffac5fe0000 - 0x00007ffac607e000 	C:\Windows\System32\TextInputFramework.dll
0x00007ffaea880000 - 0x00007ffaea954000 	C:\Windows\System32\CoreMessaging.dll
0x00007ffae87a0000 - 0x00007ffae8aca000 	C:\Windows\System32\CoreUIComponents.dll
0x00007ffaefbf0000 - 0x00007ffaefc21000 	C:\Windows\SYSTEM32\ntmarta.dll
0x00007ffae9200000 - 0x00007ffae9353000 	C:\Windows\SYSTEM32\wintypes.dll
0x00007ffada570000 - 0x00007ffada817000 	C:\Windows\System32\iertutil.dll
0x00007ffaf3a10000 - 0x00007ffaf3ab2000 	C:\Windows\System32\clbcatq.dll
0x00007ffab33e0000 - 0x00007ffab35cd000 	C:\Windows\system32\SogouTSF.ime
0x00007ffaddcb0000 - 0x00007ffaddcb7000 	C:\Windows\system32\MSIMG32.dll
0x00007ffaac950000 - 0x00007ffaad1dd000 	C:\Windows\system32\SogouPy.ime
0x00007ffae8410000 - 0x00007ffae8500000 	C:\Windows\SYSTEM32\WINHTTP.dll
0x00007ffadbde0000 - 0x00007ffadbe45000 	C:\Windows\SYSTEM32\OLEACC.dll
0x00007ffaa6640000 - 0x00007ffaa68a9000 	D:\Program Files (x86)\sogoupinyin\Components\PicFace\1.1.0.1867\PicFace64.dll
0x00007ffaf3810000 - 0x00007ffaf38e0000 	C:\Windows\System32\COMDLG32.dll
0x0000000024930000 - 0x0000000024a4d000 	D:\Program Files (x86)\sogoupinyin\9.6.0.3568\Resource.dll
0x00007ffabf8c0000 - 0x00007ffabf8d8000 	D:\Program Files (x86)\sogoupinyin\Components\VoiceInput\1.0.0.163\VoiceInput64.dll
0x00007ffae81d0000 - 0x00007ffae837f000 	C:\Windows\SYSTEM32\WindowsCodecs.dll
0x0000000077590000 - 0x00000000775ba000 	C:\Program Files\Java\jre1.8.0_141\bin\dcpr.dll
0x00007ffab6cf0000 - 0x00007ffab6d2a000 	C:\Windows\system32\dataexchange.dll
0x00007ffaea330000 - 0x00007ffaea50d000 	C:\Windows\system32\dcomp.dll
0x00007ffaea0d0000 - 0x00007ffaea32b000 	C:\Windows\system32\d3d11.dll
0x00007ffaef780000 - 0x00007ffaef86b000 	C:\Windows\system32\dxgi.dll
0x00007ffaeeb10000 - 0x00007ffaeed72000 	C:\Windows\system32\twinapi.appcore.dll
0x00007ffaef020000 - 0x00007ffaef049000 	C:\Windows\system32\RMCLIENT.dll
0x00007ffadde20000 - 0x00007ffaddec9000 	C:\Windows\WinSxS\amd64_microsoft.windows.common-controls_6595b64144ccf1df_5.82.18362.1139_none_73b3ffb6d815397f\comctl32.dll
0x00007ffaee7d0000 - 0x00007ffaee8c0000 	C:\Windows\system32\propsys.dll
0x00007ffae8cf0000 - 0x00007ffae8d06000 	C:\Windows\system32\NetworkExplorer.dll
0x00007ffab5b90000 - 0x00007ffab5bee000 	C:\Windows\System32\thumbcache.dll
0x00007ffacde60000 - 0x00007ffacde7b000 	C:\Windows\SYSTEM32\MPR.dll
0x00007ffac2360000 - 0x00007ffac236b000 	C:\Windows\System32\drprov.dll
0x00007ffaefd30000 - 0x00007ffaefd86000 	C:\Windows\System32\WINSTA.dll
0x00007ffab3a00000 - 0x00007ffab3a15000 	C:\Windows\System32\ntlanman.dll
0x00007ffab0d00000 - 0x00007ffab0d1d000 	C:\Windows\System32\davclnt.dll
0x00007ffabc010000 - 0x00007ffabc01c000 	C:\Windows\System32\DAVHLPR.dll
0x00007ffae7360000 - 0x00007ffae7377000 	C:\Windows\System32\wkscli.dll
0x00007ffaf1810000 - 0x00007ffaf1836000 	C:\Windows\System32\bcrypt.dll
0x00007fface5f0000 - 0x00007fface602000 	C:\Windows\SYSTEM32\cscapi.dll
0x00007ffaf0160000 - 0x00007ffaf016c000 	C:\Windows\System32\netutils.dll
0x00007ffae3ee0000 - 0x00007ffae3f33000 	C:\Windows\System32\dlnashext.dll
0x00007ffaccc90000 - 0x00007ffacccf4000 	C:\Windows\System32\PlayToDevice.dll
0x00007ffaeb0b0000 - 0x00007ffaeb0d0000 	C:\Windows\System32\DevDispItemProvider.dll
0x00007ffae37d0000 - 0x00007ffae3842000 	C:\Windows\System32\MMDevApi.dll
0x00007ffaf08b0000 - 0x00007ffaf08da000 	C:\Windows\System32\DEVOBJ.dll
0x00007ffacb6f0000 - 0x00007ffacb78b000 	C:\Windows\system32\wpdshext.dll
0x00007ffadc240000 - 0x00007ffadc3e3000 	C:\Windows\WinSxS\amd64_microsoft.windows.gdiplus_6595b64144ccf1df_1.1.18362.1139_none_cf66e5b93ef2d494\gdiplus.dll
0x00007ffae48a0000 - 0x00007ffae493e000 	C:\Windows\System32\PortableDeviceApi.dll
0x00007ffae7760000 - 0x00007ffae7ecc000 	C:\Windows\System32\OneCoreUAPCommonProxyStub.dll
0x00007ffaf2400000 - 0x00007ffaf2870000 	C:\Windows\System32\SETUPAPI.dll
0x00007ffaf1840000 - 0x00007ffaf189c000 	C:\Windows\System32\WINTRUST.dll
0x00007ffaf0b80000 - 0x00007ffaf0b92000 	C:\Windows\System32\MSASN1.dll
0x00007ffaf1410000 - 0x00007ffaf1559000 	C:\Windows\System32\CRYPT32.dll
0x00007ffad9a90000 - 0x00007ffad9ac7000 	C:\Windows\System32\EhStorShell.dll
0x00007ffad37c0000 - 0x00007ffad37e5000 	C:\Windows\System32\EhStorAPI.dll
0x00007ffaeaff0000 - 0x00007ffaeb003000 	C:\Windows\System32\WTSAPI32.dll
0x00007ffab9950000 - 0x00007ffab995d000 	C:\Windows\SYSTEM32\LINKINFO.dll
0x00007ffad9fa0000 - 0x00007ffad9fac000 	C:\Windows\SYSTEM32\Secur32.dll
0x00007ffaf0a30000 - 0x00007ffaf0a67000 	C:\Windows\SYSTEM32\SSPICLI.DLL
0x00007ffad9ad0000 - 0x00007ffad9b34000 	C:\Program Files (x86)\360\360Safe\safemon\360UDiskGuard64.dll
0x00007ffac2400000 - 0x00007ffac263e000 	C:\PROGRA~1\MICROS~2\Office15\GROOVEEX.DLL
0x0000000052950000 - 0x00000000529e8000 	C:\Windows\SYSTEM32\MSVCP100.dll
0x0000000052840000 - 0x000000005286b000 	C:\Windows\SYSTEM32\ATL100.DLL
0x00007ffad5bc0000 - 0x00007ffad602e000 	C:\Windows\SYSTEM32\msi.dll
0x000000002aef0000 - 0x000000002b74d000 	C:\PROGRA~1\MICROS~2\Office15\2052\GrooveIntlResource.dll
0x00007ffadb030000 - 0x00007ffadb039000 	C:\Windows\system32\IconCodecService.dll
0x00007ffacdd80000 - 0x00007ffacde19000 	C:\Windows\system32\RICHED20.DLL
0x00007ffad7a70000 - 0x00007ffad7aa9000 	C:\Windows\SYSTEM32\msls31.dll
0x00007ffad7c60000 - 0x00007ffad7c79000 	C:\Windows\SYSTEM32\USP10.dll
0x0000000050000000 - 0x000000005000d000 	C:\Program Files\Java\jre1.8.0_141\bin\management.dll

VM Arguments:
jvm_args: -Dfile.encoding=UTF-8 
java_command: com.HIT.weisongzhao.SACD_RL
java_class_path (initial): D:\PHD\PANELJ\SACD\target\classes;C:\Users\zhaow\.m2\repository\net\imagej\ij\1.52b\ij-1.52b.jar;C:\Users\zhaow\.m2\repository\pl\edu\icm\JLargeArrays\1.5\JLargeArrays-1.5.jar;C:\Users\zhaow\.m2\repository\org\apache\commons\commons-math3\3.6.1\commons-math3-3.6.1.jar
Launcher Type: SUN_STANDARD

Environment Variables:
JAVA_HOME=C:\Program Files\Java\jdk1.8.0_141
CLASSPATH=.;C:\Program Files\Java\jdk1.8.0_141\lib
PATH=C:/Program Files/Java/jre1.8.0_141/bin/server;C:/Program Files/Java/jre1.8.0_141/bin;C:/Program Files/Java/jre1.8.0_141/lib/amd64;C:\ProgramData\Oracle\Java\javapath;C:\Windows\system32;C:\Windows;C:\Windows\System32\Wbem;C:\Windows\System32\WindowsPowerShell\v1.0\;C:\Windows\System32\OpenSSH\;C:\Program Files\NVIDIA Corporation\NVIDIA NvDLISR;D:\Program Files (x86)\Git\cmd;C:\Program Files\Java\jdk1.8.0_141\bin;D:\Matlab 2017b\runtime\win64;D:\Matlab 2017b\bin;C:\Users\zhaow\AppData\Local\Microsoft\WindowsApps;;C:\Windows\system32;
USERNAME=zhaow
OS=Windows_NT
PROCESSOR_IDENTIFIER=Intel64 Family 6 Model 166 Stepping 0, GenuineIntel



---------------  S Y S T E M  ---------------

OS: Windows 10.0 , 64 bit Build 18362 (10.0.18362.1110)

CPU:total 12 (initial active 12) (6 cores per cpu, 2 threads per core) family 6 model 166 stepping 0, cmov, cx8, fxsr, mmx, sse, sse2, sse3, ssse3, sse4.1, sse4.2, popcnt, avx, avx2, aes, clmul, erms, 3dnowpref, lzcnt, ht, tsc, tscinvbit, bmi1, bmi2, adx

Memory: 4k page, physical 16603188k(546096k free), swap 29710384k(5692k free)

vm_info: Java HotSpot(TM) 64-Bit Server VM (25.141-b15) for windows-amd64 JRE (1.8.0_141-b15), built on Jul 12 2017 04:25:12 by "java_re" with MS VC++ 10.0 (VS2010)

time: Tue Dec 15 16:47:01 2020
elapsed time: 14 seconds (0d 0h 0m 14s)

